[2018-01-31 14:53:43] io_watcher.INFO: --------------NEW CALL-------------- [] []
[2018-01-31 14:53:43] io_watcher.INFO: Scheme : http [] []
[2018-01-31 14:53:43] io_watcher.INFO: User :  [] []
[2018-01-31 14:53:43] io_watcher.INFO: Host : localhost [] []
[2018-01-31 14:53:43] io_watcher.INFO: Port : 8080 [] []
[2018-01-31 14:53:43] io_watcher.INFO: BasePath :  [] []
[2018-01-31 14:53:43] io_watcher.INFO: Path : /hello/mimi [] []
[2018-01-31 14:53:43] io_watcher.INFO: Query :  [] []
[2018-01-31 14:53:43] io_watcher.INFO: Fragment :  [] []
[2018-01-31 14:53:43] io_watcher.INFO: Host : localhost [] []
[2018-01-31 14:53:43] io_watcher.INFO: HTTP_USER_AGENT : Mozilla/5.0 (X11; Ubuntu; Linux x86_64; rv:58.0) Gecko/20100101 Firefox/58.0 [] []
[2018-01-31 14:53:43] io_watcher.INFO: HTTP_ACCEPT : text/html,application/xhtml+xml,application/xml;q=0.9,*/*;q=0.8 [] []
[2018-01-31 14:53:43] io_watcher.INFO: HTTP_ACCEPT_LANGUAGE : en-US,en;q=0.5 [] []
[2018-01-31 14:53:43] io_watcher.INFO: HTTP_ACCEPT_ENCODING : gzip, deflate [] []
[2018-01-31 14:53:43] io_watcher.INFO: HTTP_COOKIE : _ga=GA1.1.1550138.1515421635 [] []
[2018-01-31 14:53:43] io_watcher.INFO: HTTP_CONNECTION : keep-alive [] []
[2018-01-31 14:53:43] io_watcher.INFO: HTTP_UPGRADE_INSECURE_REQUESTS : 1 [] []
[2018-01-31 14:53:43] io_watcher.INFO: HTTP_CACHE_CONTROL : max-age=0 [] []
[2018-01-31 14:53:43] io_watcher.INFO: --------------MATCH FOUND-------------- [] []
[2018-01-31 14:53:43] io_watcher.INFO: Pattern : /hello/{name} [] []
[2018-01-31 14:53:43] io_watcher.INFO: Name : hello [] []
[2018-01-31 14:53:43] io_watcher.INFO: Groups : () [] []
[2018-01-31 14:53:43] io_watcher.INFO: Methods : (GET) [] []
[2018-01-31 14:53:43] io_watcher.INFO: Arguments : (mimi) [] []
[2018-01-31 14:53:43] io_watcher.INFO: Exiting code : 200 [] []
[2018-01-31 14:53:43] io_watcher.INFO: --------------END OF CALL-------------- [] []
[2018-01-31 14:53:45] io_watcher.INFO: --------------NEW CALL-------------- [] []
[2018-01-31 14:53:45] io_watcher.INFO: Scheme : http [] []
[2018-01-31 14:53:45] io_watcher.INFO: User :  [] []
[2018-01-31 14:53:45] io_watcher.INFO: Host : localhost [] []
[2018-01-31 14:53:45] io_watcher.INFO: Port : 8080 [] []
[2018-01-31 14:53:45] io_watcher.INFO: BasePath :  [] []
[2018-01-31 14:53:45] io_watcher.INFO: Path : /check [] []
[2018-01-31 14:53:45] io_watcher.INFO: Query :  [] []
[2018-01-31 14:53:45] io_watcher.INFO: Fragment :  [] []
[2018-01-31 14:53:45] io_watcher.INFO: Host : localhost [] []
[2018-01-31 14:53:45] io_watcher.INFO: HTTP_USER_AGENT : Mozilla/5.0 (X11; Ubuntu; Linux x86_64; rv:58.0) Gecko/20100101 Firefox/58.0 [] []
[2018-01-31 14:53:45] io_watcher.INFO: HTTP_ACCEPT : text/html,application/xhtml+xml,application/xml;q=0.9,*/*;q=0.8 [] []
[2018-01-31 14:53:45] io_watcher.INFO: HTTP_ACCEPT_LANGUAGE : en-US,en;q=0.5 [] []
[2018-01-31 14:53:45] io_watcher.INFO: HTTP_ACCEPT_ENCODING : gzip, deflate [] []
[2018-01-31 14:53:45] io_watcher.INFO: HTTP_REFERER : http://localhost:8080/hello/mimi [] []
[2018-01-31 14:53:45] io_watcher.INFO: HTTP_COOKIE : _ga=GA1.1.1550138.1515421635 [] []
[2018-01-31 14:53:45] io_watcher.INFO: HTTP_CONNECTION : keep-alive [] []
[2018-01-31 14:53:45] io_watcher.INFO: HTTP_UPGRADE_INSECURE_REQUESTS : 1 [] []
[2018-01-31 14:53:45] io_watcher.INFO: --------------MATCH FOUND-------------- [] []
[2018-01-31 14:53:45] io_watcher.INFO: Pattern : /check [] []
[2018-01-31 14:53:45] io_watcher.INFO: Name : checker [] []
[2018-01-31 14:53:45] io_watcher.INFO: Groups : () [] []
[2018-01-31 14:53:45] io_watcher.INFO: Methods : (GET) [] []
[2018-01-31 14:53:45] io_watcher.INFO: Arguments : () [] []
[2018-01-31 14:53:45] io_watcher.INFO: Exiting code : 200 [] []
[2018-01-31 14:53:45] io_watcher.INFO: --------------END OF CALL-------------- [] []
[2018-01-31 14:57:10] io_watcher.INFO: --------------NEW CALL-------------- [] []
[2018-01-31 14:57:10] io_watcher.INFO: Scheme : http [] []
[2018-01-31 14:57:10] io_watcher.INFO: User :  [] []
[2018-01-31 14:57:10] io_watcher.INFO: Host : localhost [] []
[2018-01-31 14:57:10] io_watcher.INFO: Port : 8080 [] []
[2018-01-31 14:57:10] io_watcher.INFO: BasePath :  [] []
[2018-01-31 14:57:10] io_watcher.INFO: Path : /check [] []
[2018-01-31 14:57:10] io_watcher.INFO: Query :  [] []
[2018-01-31 14:57:10] io_watcher.INFO: Fragment :  [] []
[2018-01-31 14:57:10] io_watcher.INFO: Host : localhost [] []
[2018-01-31 14:57:10] io_watcher.INFO: HTTP_USER_AGENT : Mozilla/5.0 (X11; Ubuntu; Linux x86_64; rv:58.0) Gecko/20100101 Firefox/58.0 [] []
[2018-01-31 14:57:10] io_watcher.INFO: HTTP_ACCEPT : text/html,application/xhtml+xml,application/xml;q=0.9,*/*;q=0.8 [] []
[2018-01-31 14:57:10] io_watcher.INFO: HTTP_ACCEPT_LANGUAGE : en-US,en;q=0.5 [] []
[2018-01-31 14:57:10] io_watcher.INFO: HTTP_ACCEPT_ENCODING : gzip, deflate [] []
[2018-01-31 14:57:10] io_watcher.INFO: HTTP_REFERER : http://localhost:8080/hello/mimi [] []
[2018-01-31 14:57:10] io_watcher.INFO: HTTP_COOKIE : _ga=GA1.1.1550138.1515421635 [] []
[2018-01-31 14:57:10] io_watcher.INFO: HTTP_CONNECTION : keep-alive [] []
[2018-01-31 14:57:10] io_watcher.INFO: HTTP_UPGRADE_INSECURE_REQUESTS : 1 [] []
[2018-01-31 14:57:10] io_watcher.INFO: HTTP_CACHE_CONTROL : max-age=0 [] []
[2018-01-31 14:57:10] io_watcher.INFO: --------------MATCH FOUND-------------- [] []
[2018-01-31 14:57:10] io_watcher.INFO: Pattern : /check [] []
[2018-01-31 14:57:10] io_watcher.INFO: Name : checker [] []
[2018-01-31 14:57:10] io_watcher.INFO: Groups : () [] []
[2018-01-31 14:57:10] io_watcher.INFO: Methods : (GET) [] []
[2018-01-31 14:57:10] io_watcher.INFO: Arguments : () [] []
[2018-01-31 14:57:10] io_watcher.INFO: Exiting code : 200 [] []
[2018-01-31 14:57:10] io_watcher.INFO: --------------END OF CALL-------------- [] []
[2018-01-31 14:57:19] io_watcher.INFO: --------------NEW CALL-------------- [] []
[2018-01-31 14:57:19] io_watcher.INFO: Scheme : http [] []
[2018-01-31 14:57:19] io_watcher.INFO: User :  [] []
[2018-01-31 14:57:19] io_watcher.INFO: Host : localhost [] []
[2018-01-31 14:57:19] io_watcher.INFO: Port : 8080 [] []
[2018-01-31 14:57:19] io_watcher.INFO: BasePath :  [] []
[2018-01-31 14:57:19] io_watcher.INFO: Path : /hello/mimi [] []
[2018-01-31 14:57:19] io_watcher.INFO: Query :  [] []
[2018-01-31 14:57:19] io_watcher.INFO: Fragment :  [] []
[2018-01-31 14:57:19] io_watcher.INFO: Host : localhost [] []
[2018-01-31 14:57:19] io_watcher.INFO: HTTP_USER_AGENT : Mozilla/5.0 (X11; Ubuntu; Linux x86_64; rv:58.0) Gecko/20100101 Firefox/58.0 [] []
[2018-01-31 14:57:19] io_watcher.INFO: HTTP_ACCEPT : text/html,application/xhtml+xml,application/xml;q=0.9,*/*;q=0.8 [] []
[2018-01-31 14:57:19] io_watcher.INFO: HTTP_ACCEPT_LANGUAGE : en-US,en;q=0.5 [] []
[2018-01-31 14:57:19] io_watcher.INFO: HTTP_ACCEPT_ENCODING : gzip, deflate [] []
[2018-01-31 14:57:19] io_watcher.INFO: HTTP_COOKIE : _ga=GA1.1.1550138.1515421635 [] []
[2018-01-31 14:57:19] io_watcher.INFO: HTTP_CONNECTION : keep-alive [] []
[2018-01-31 14:57:19] io_watcher.INFO: HTTP_UPGRADE_INSECURE_REQUESTS : 1 [] []
[2018-01-31 14:57:19] io_watcher.INFO: --------------MATCH FOUND-------------- [] []
[2018-01-31 14:57:19] io_watcher.INFO: Pattern : /hello/{name} [] []
[2018-01-31 14:57:19] io_watcher.INFO: Name : hello [] []
[2018-01-31 14:57:19] io_watcher.INFO: Groups : () [] []
[2018-01-31 14:57:19] io_watcher.INFO: Methods : (GET) [] []
[2018-01-31 14:57:19] io_watcher.INFO: Arguments : (mimi) [] []
[2018-01-31 14:57:19] io_watcher.INFO: Exiting code : 200 [] []
[2018-01-31 14:57:19] io_watcher.INFO: --------------END OF CALL-------------- [] []
[2018-01-31 14:58:12] io_watcher.INFO: --------------NEW CALL-------------- [] []
[2018-01-31 14:58:12] io_watcher.INFO: Scheme : http [] []
[2018-01-31 14:58:12] io_watcher.INFO: User :  [] []
[2018-01-31 14:58:12] io_watcher.INFO: Host : localhost [] []
[2018-01-31 14:58:12] io_watcher.INFO: Port : 8080 [] []
[2018-01-31 14:58:12] io_watcher.INFO: BasePath :  [] []
[2018-01-31 14:58:12] io_watcher.INFO: Path : /hello/mimi [] []
[2018-01-31 14:58:12] io_watcher.INFO: Query :  [] []
[2018-01-31 14:58:12] io_watcher.INFO: Fragment :  [] []
[2018-01-31 14:58:12] io_watcher.INFO: Host : localhost [] []
[2018-01-31 14:58:12] io_watcher.INFO: HTTP_USER_AGENT : Mozilla/5.0 (X11; Ubuntu; Linux x86_64; rv:58.0) Gecko/20100101 Firefox/58.0 [] []
[2018-01-31 14:58:12] io_watcher.INFO: HTTP_ACCEPT : text/html,application/xhtml+xml,application/xml;q=0.9,*/*;q=0.8 [] []
[2018-01-31 14:58:12] io_watcher.INFO: HTTP_ACCEPT_LANGUAGE : en-US,en;q=0.5 [] []
[2018-01-31 14:58:12] io_watcher.INFO: HTTP_ACCEPT_ENCODING : gzip, deflate [] []
[2018-01-31 14:58:12] io_watcher.INFO: HTTP_COOKIE : _ga=GA1.1.1550138.1515421635 [] []
[2018-01-31 14:58:12] io_watcher.INFO: HTTP_CONNECTION : keep-alive [] []
[2018-01-31 14:58:12] io_watcher.INFO: HTTP_UPGRADE_INSECURE_REQUESTS : 1 [] []
[2018-01-31 14:58:12] io_watcher.INFO: HTTP_CACHE_CONTROL : max-age=0 [] []
[2018-01-31 14:58:12] io_watcher.INFO: --------------MATCH FOUND-------------- [] []
[2018-01-31 14:58:12] io_watcher.INFO: Pattern : /hello/{name} [] []
[2018-01-31 14:58:12] io_watcher.INFO: Name : hello [] []
[2018-01-31 14:58:12] io_watcher.INFO: Groups : () [] []
[2018-01-31 14:58:12] io_watcher.INFO: Methods : (GET) [] []
[2018-01-31 14:58:12] io_watcher.INFO: Arguments : (mimi) [] []
[2018-01-31 14:58:12] io_watcher.INFO: Exiting code : 200 [] []
[2018-01-31 14:58:12] io_watcher.INFO: --------------END OF CALL-------------- [] []
[2018-01-31 14:58:14] io_watcher.INFO: --------------NEW CALL-------------- [] []
[2018-01-31 14:58:14] io_watcher.INFO: Scheme : http [] []
[2018-01-31 14:58:14] io_watcher.INFO: User :  [] []
[2018-01-31 14:58:14] io_watcher.INFO: Host : localhost [] []
[2018-01-31 14:58:14] io_watcher.INFO: Port : 8080 [] []
[2018-01-31 14:58:14] io_watcher.INFO: BasePath :  [] []
[2018-01-31 14:58:14] io_watcher.INFO: Path : /check [] []
[2018-01-31 14:58:14] io_watcher.INFO: Query :  [] []
[2018-01-31 14:58:14] io_watcher.INFO: Fragment :  [] []
[2018-01-31 14:58:14] io_watcher.INFO: Host : localhost [] []
[2018-01-31 14:58:14] io_watcher.INFO: HTTP_USER_AGENT : Mozilla/5.0 (X11; Ubuntu; Linux x86_64; rv:58.0) Gecko/20100101 Firefox/58.0 [] []
[2018-01-31 14:58:14] io_watcher.INFO: HTTP_ACCEPT : text/html,application/xhtml+xml,application/xml;q=0.9,*/*;q=0.8 [] []
[2018-01-31 14:58:14] io_watcher.INFO: HTTP_ACCEPT_LANGUAGE : en-US,en;q=0.5 [] []
[2018-01-31 14:58:14] io_watcher.INFO: HTTP_ACCEPT_ENCODING : gzip, deflate [] []
[2018-01-31 14:58:14] io_watcher.INFO: HTTP_REFERER : http://localhost:8080/hello/mimi [] []
[2018-01-31 14:58:14] io_watcher.INFO: HTTP_COOKIE : _ga=GA1.1.1550138.1515421635 [] []
[2018-01-31 14:58:14] io_watcher.INFO: HTTP_CONNECTION : keep-alive [] []
[2018-01-31 14:58:14] io_watcher.INFO: HTTP_UPGRADE_INSECURE_REQUESTS : 1 [] []
[2018-01-31 14:58:14] io_watcher.INFO: --------------MATCH FOUND-------------- [] []
[2018-01-31 14:58:14] io_watcher.INFO: Pattern : /check [] []
[2018-01-31 14:58:14] io_watcher.INFO: Name : checker [] []
[2018-01-31 14:58:14] io_watcher.INFO: Groups : () [] []
[2018-01-31 14:58:14] io_watcher.INFO: Methods : (GET) [] []
[2018-01-31 14:58:14] io_watcher.INFO: Arguments : () [] []
[2018-01-31 14:58:39] io_watcher.INFO: --------------NEW CALL-------------- [] []
[2018-01-31 14:58:39] io_watcher.INFO: Scheme : http [] []
[2018-01-31 14:58:39] io_watcher.INFO: User :  [] []
[2018-01-31 14:58:39] io_watcher.INFO: Host : localhost [] []
[2018-01-31 14:58:39] io_watcher.INFO: Port : 8080 [] []
[2018-01-31 14:58:39] io_watcher.INFO: BasePath :  [] []
[2018-01-31 14:58:39] io_watcher.INFO: Path : /check [] []
[2018-01-31 14:58:39] io_watcher.INFO: Query :  [] []
[2018-01-31 14:58:39] io_watcher.INFO: Fragment :  [] []
[2018-01-31 14:58:39] io_watcher.INFO: Host : localhost [] []
[2018-01-31 14:58:39] io_watcher.INFO: HTTP_USER_AGENT : Mozilla/5.0 (X11; Ubuntu; Linux x86_64; rv:58.0) Gecko/20100101 Firefox/58.0 [] []
[2018-01-31 14:58:39] io_watcher.INFO: HTTP_ACCEPT : text/html,application/xhtml+xml,application/xml;q=0.9,*/*;q=0.8 [] []
[2018-01-31 14:58:39] io_watcher.INFO: HTTP_ACCEPT_LANGUAGE : en-US,en;q=0.5 [] []
[2018-01-31 14:58:39] io_watcher.INFO: HTTP_ACCEPT_ENCODING : gzip, deflate [] []
[2018-01-31 14:58:39] io_watcher.INFO: HTTP_REFERER : http://localhost:8080/hello/mimi [] []
[2018-01-31 14:58:39] io_watcher.INFO: HTTP_COOKIE : _ga=GA1.1.1550138.1515421635 [] []
[2018-01-31 14:58:39] io_watcher.INFO: HTTP_CONNECTION : keep-alive [] []
[2018-01-31 14:58:39] io_watcher.INFO: HTTP_UPGRADE_INSECURE_REQUESTS : 1 [] []
[2018-01-31 14:58:39] io_watcher.INFO: HTTP_CACHE_CONTROL : max-age=0 [] []
[2018-01-31 14:58:39] io_watcher.INFO: --------------MATCH FOUND-------------- [] []
[2018-01-31 14:58:39] io_watcher.INFO: Pattern : /check [] []
[2018-01-31 14:58:39] io_watcher.INFO: Name : checker [] []
[2018-01-31 14:58:39] io_watcher.INFO: Groups : () [] []
[2018-01-31 14:58:39] io_watcher.INFO: Methods : (GET) [] []
[2018-01-31 14:58:39] io_watcher.INFO: Arguments : () [] []
[2018-01-31 14:59:00] io_watcher.INFO: --------------NEW CALL-------------- [] []
[2018-01-31 14:59:00] io_watcher.INFO: Scheme : http [] []
[2018-01-31 14:59:00] io_watcher.INFO: User :  [] []
[2018-01-31 14:59:00] io_watcher.INFO: Host : localhost [] []
[2018-01-31 14:59:00] io_watcher.INFO: Port : 8080 [] []
[2018-01-31 14:59:00] io_watcher.INFO: BasePath :  [] []
[2018-01-31 14:59:00] io_watcher.INFO: Path : /check [] []
[2018-01-31 14:59:00] io_watcher.INFO: Query :  [] []
[2018-01-31 14:59:00] io_watcher.INFO: Fragment :  [] []
[2018-01-31 14:59:00] io_watcher.INFO: Host : localhost [] []
[2018-01-31 14:59:00] io_watcher.INFO: HTTP_USER_AGENT : Mozilla/5.0 (X11; Ubuntu; Linux x86_64; rv:58.0) Gecko/20100101 Firefox/58.0 [] []
[2018-01-31 14:59:00] io_watcher.INFO: HTTP_ACCEPT : text/html,application/xhtml+xml,application/xml;q=0.9,*/*;q=0.8 [] []
[2018-01-31 14:59:00] io_watcher.INFO: HTTP_ACCEPT_LANGUAGE : en-US,en;q=0.5 [] []
[2018-01-31 14:59:00] io_watcher.INFO: HTTP_ACCEPT_ENCODING : gzip, deflate [] []
[2018-01-31 14:59:00] io_watcher.INFO: HTTP_REFERER : http://localhost:8080/hello/mimi [] []
[2018-01-31 14:59:00] io_watcher.INFO: HTTP_COOKIE : _ga=GA1.1.1550138.1515421635 [] []
[2018-01-31 14:59:00] io_watcher.INFO: HTTP_CONNECTION : keep-alive [] []
[2018-01-31 14:59:00] io_watcher.INFO: HTTP_UPGRADE_INSECURE_REQUESTS : 1 [] []
[2018-01-31 14:59:00] io_watcher.INFO: HTTP_CACHE_CONTROL : max-age=0 [] []
[2018-01-31 14:59:00] io_watcher.INFO: --------------MATCH FOUND-------------- [] []
[2018-01-31 14:59:00] io_watcher.INFO: Pattern : /check [] []
[2018-01-31 14:59:00] io_watcher.INFO: Name : checker [] []
[2018-01-31 14:59:00] io_watcher.INFO: Groups : () [] []
[2018-01-31 14:59:00] io_watcher.INFO: Methods : (GET) [] []
[2018-01-31 14:59:00] io_watcher.INFO: Arguments : () [] []
[2018-01-31 15:00:07] io_watcher.INFO: --------------NEW CALL-------------- [] []
[2018-01-31 15:00:07] io_watcher.INFO: Scheme : http [] []
[2018-01-31 15:00:07] io_watcher.INFO: User :  [] []
[2018-01-31 15:00:07] io_watcher.INFO: Host : localhost [] []
[2018-01-31 15:00:07] io_watcher.INFO: Port : 8080 [] []
[2018-01-31 15:00:07] io_watcher.INFO: BasePath :  [] []
[2018-01-31 15:00:07] io_watcher.INFO: Path : /check [] []
[2018-01-31 15:00:07] io_watcher.INFO: Query :  [] []
[2018-01-31 15:00:07] io_watcher.INFO: Fragment :  [] []
[2018-01-31 15:00:07] io_watcher.INFO: Host : localhost [] []
[2018-01-31 15:00:07] io_watcher.INFO: HTTP_USER_AGENT : Mozilla/5.0 (X11; Ubuntu; Linux x86_64; rv:58.0) Gecko/20100101 Firefox/58.0 [] []
[2018-01-31 15:00:07] io_watcher.INFO: HTTP_ACCEPT : text/html,application/xhtml+xml,application/xml;q=0.9,*/*;q=0.8 [] []
[2018-01-31 15:00:07] io_watcher.INFO: HTTP_ACCEPT_LANGUAGE : en-US,en;q=0.5 [] []
[2018-01-31 15:00:07] io_watcher.INFO: HTTP_ACCEPT_ENCODING : gzip, deflate [] []
[2018-01-31 15:00:07] io_watcher.INFO: HTTP_REFERER : http://localhost:8080/hello/mimi [] []
[2018-01-31 15:00:07] io_watcher.INFO: HTTP_COOKIE : _ga=GA1.1.1550138.1515421635 [] []
[2018-01-31 15:00:07] io_watcher.INFO: HTTP_CONNECTION : keep-alive [] []
[2018-01-31 15:00:07] io_watcher.INFO: HTTP_UPGRADE_INSECURE_REQUESTS : 1 [] []
[2018-01-31 15:00:07] io_watcher.INFO: HTTP_CACHE_CONTROL : max-age=0 [] []
[2018-01-31 15:00:07] io_watcher.INFO: --------------MATCH FOUND-------------- [] []
[2018-01-31 15:00:07] io_watcher.INFO: Pattern : /check [] []
[2018-01-31 15:00:07] io_watcher.INFO: Name : checker [] []
[2018-01-31 15:00:07] io_watcher.INFO: Groups : () [] []
[2018-01-31 15:00:07] io_watcher.INFO: Methods : (GET) [] []
[2018-01-31 15:00:07] io_watcher.INFO: Arguments : () [] []
[2018-01-31 15:00:47] io_watcher.INFO: --------------NEW CALL-------------- [] []
[2018-01-31 15:00:47] io_watcher.INFO: Scheme : http [] []
[2018-01-31 15:00:47] io_watcher.INFO: User :  [] []
[2018-01-31 15:00:47] io_watcher.INFO: Host : localhost [] []
[2018-01-31 15:00:47] io_watcher.INFO: Port : 8080 [] []
[2018-01-31 15:00:47] io_watcher.INFO: BasePath :  [] []
[2018-01-31 15:00:47] io_watcher.INFO: Path : /check [] []
[2018-01-31 15:00:47] io_watcher.INFO: Query :  [] []
[2018-01-31 15:00:47] io_watcher.INFO: Fragment :  [] []
[2018-01-31 15:00:47] io_watcher.INFO: Host : localhost [] []
[2018-01-31 15:00:47] io_watcher.INFO: HTTP_USER_AGENT : Mozilla/5.0 (X11; Ubuntu; Linux x86_64; rv:58.0) Gecko/20100101 Firefox/58.0 [] []
[2018-01-31 15:00:47] io_watcher.INFO: HTTP_ACCEPT : text/html,application/xhtml+xml,application/xml;q=0.9,*/*;q=0.8 [] []
[2018-01-31 15:00:47] io_watcher.INFO: HTTP_ACCEPT_LANGUAGE : en-US,en;q=0.5 [] []
[2018-01-31 15:00:47] io_watcher.INFO: HTTP_ACCEPT_ENCODING : gzip, deflate [] []
[2018-01-31 15:00:47] io_watcher.INFO: HTTP_REFERER : http://localhost:8080/hello/mimi [] []
[2018-01-31 15:00:47] io_watcher.INFO: HTTP_COOKIE : _ga=GA1.1.1550138.1515421635 [] []
[2018-01-31 15:00:47] io_watcher.INFO: HTTP_CONNECTION : keep-alive [] []
[2018-01-31 15:00:47] io_watcher.INFO: HTTP_UPGRADE_INSECURE_REQUESTS : 1 [] []
[2018-01-31 15:00:47] io_watcher.INFO: HTTP_CACHE_CONTROL : max-age=0 [] []
[2018-01-31 15:00:47] io_watcher.INFO: --------------MATCH FOUND-------------- [] []
[2018-01-31 15:00:47] io_watcher.INFO: Pattern : /check [] []
[2018-01-31 15:00:47] io_watcher.INFO: Name : checker [] []
[2018-01-31 15:00:47] io_watcher.INFO: Groups : () [] []
[2018-01-31 15:00:47] io_watcher.INFO: Methods : (GET) [] []
[2018-01-31 15:00:47] io_watcher.INFO: Arguments : () [] []
[2018-01-31 15:02:43] io_watcher.INFO: --------------NEW CALL-------------- [] []
[2018-01-31 15:02:43] io_watcher.INFO: Scheme : http [] []
[2018-01-31 15:02:43] io_watcher.INFO: User :  [] []
[2018-01-31 15:02:43] io_watcher.INFO: Host : localhost [] []
[2018-01-31 15:02:43] io_watcher.INFO: Port : 8080 [] []
[2018-01-31 15:02:43] io_watcher.INFO: BasePath :  [] []
[2018-01-31 15:02:43] io_watcher.INFO: Path : /check [] []
[2018-01-31 15:02:43] io_watcher.INFO: Query :  [] []
[2018-01-31 15:02:43] io_watcher.INFO: Fragment :  [] []
[2018-01-31 15:02:43] io_watcher.INFO: Host : localhost [] []
[2018-01-31 15:02:43] io_watcher.INFO: HTTP_USER_AGENT : Mozilla/5.0 (X11; Ubuntu; Linux x86_64; rv:58.0) Gecko/20100101 Firefox/58.0 [] []
[2018-01-31 15:02:43] io_watcher.INFO: HTTP_ACCEPT : text/html,application/xhtml+xml,application/xml;q=0.9,*/*;q=0.8 [] []
[2018-01-31 15:02:43] io_watcher.INFO: HTTP_ACCEPT_LANGUAGE : en-US,en;q=0.5 [] []
[2018-01-31 15:02:43] io_watcher.INFO: HTTP_ACCEPT_ENCODING : gzip, deflate [] []
[2018-01-31 15:02:43] io_watcher.INFO: HTTP_REFERER : http://localhost:8080/hello/mimi [] []
[2018-01-31 15:02:43] io_watcher.INFO: HTTP_COOKIE : _ga=GA1.1.1550138.1515421635 [] []
[2018-01-31 15:02:43] io_watcher.INFO: HTTP_CONNECTION : keep-alive [] []
[2018-01-31 15:02:43] io_watcher.INFO: HTTP_UPGRADE_INSECURE_REQUESTS : 1 [] []
[2018-01-31 15:02:43] io_watcher.INFO: HTTP_CACHE_CONTROL : max-age=0 [] []
[2018-01-31 15:02:43] io_watcher.INFO: --------------MATCH FOUND-------------- [] []
[2018-01-31 15:02:43] io_watcher.INFO: Pattern : /check [] []
[2018-01-31 15:02:43] io_watcher.INFO: Name : checker [] []
[2018-01-31 15:02:43] io_watcher.INFO: Groups : () [] []
[2018-01-31 15:02:43] io_watcher.INFO: Methods : (GET) [] []
[2018-01-31 15:02:43] io_watcher.INFO: Arguments : () [] []
[2018-01-31 15:14:49] io_watcher.INFO: --------------NEW CALL-------------- [] []
[2018-01-31 15:14:49] io_watcher.INFO: Scheme : http [] []
[2018-01-31 15:14:49] io_watcher.INFO: User :  [] []
[2018-01-31 15:14:49] io_watcher.INFO: Host : localhost [] []
[2018-01-31 15:14:49] io_watcher.INFO: Port : 8080 [] []
[2018-01-31 15:14:49] io_watcher.INFO: BasePath :  [] []
[2018-01-31 15:14:49] io_watcher.INFO: Path : /check [] []
[2018-01-31 15:14:49] io_watcher.INFO: Query :  [] []
[2018-01-31 15:14:49] io_watcher.INFO: Fragment :  [] []
[2018-01-31 15:14:49] io_watcher.INFO: Host : localhost [] []
[2018-01-31 15:14:49] io_watcher.INFO: HTTP_USER_AGENT : Mozilla/5.0 (X11; Ubuntu; Linux x86_64; rv:58.0) Gecko/20100101 Firefox/58.0 [] []
[2018-01-31 15:14:49] io_watcher.INFO: HTTP_ACCEPT : text/html,application/xhtml+xml,application/xml;q=0.9,*/*;q=0.8 [] []
[2018-01-31 15:14:49] io_watcher.INFO: HTTP_ACCEPT_LANGUAGE : en-US,en;q=0.5 [] []
[2018-01-31 15:14:49] io_watcher.INFO: HTTP_ACCEPT_ENCODING : gzip, deflate [] []
[2018-01-31 15:14:49] io_watcher.INFO: HTTP_REFERER : http://localhost:8080/hello/mimi [] []
[2018-01-31 15:14:49] io_watcher.INFO: HTTP_COOKIE : _ga=GA1.1.1550138.1515421635 [] []
[2018-01-31 15:14:49] io_watcher.INFO: HTTP_CONNECTION : keep-alive [] []
[2018-01-31 15:14:49] io_watcher.INFO: HTTP_UPGRADE_INSECURE_REQUESTS : 1 [] []
[2018-01-31 15:14:49] io_watcher.INFO: HTTP_CACHE_CONTROL : max-age=0 [] []
[2018-01-31 15:14:49] io_watcher.INFO: --------------MATCH FOUND-------------- [] []
[2018-01-31 15:14:49] io_watcher.INFO: Pattern : /check [] []
[2018-01-31 15:14:49] io_watcher.INFO: Name : checker [] []
[2018-01-31 15:14:49] io_watcher.INFO: Groups : () [] []
[2018-01-31 15:14:49] io_watcher.INFO: Methods : (GET) [] []
[2018-01-31 15:14:49] io_watcher.INFO: Arguments : () [] []
[2018-01-31 15:15:53] io_watcher.INFO: --------------NEW CALL-------------- [] []
[2018-01-31 15:15:53] io_watcher.INFO: Scheme : http [] []
[2018-01-31 15:15:53] io_watcher.INFO: User :  [] []
[2018-01-31 15:15:53] io_watcher.INFO: Host : localhost [] []
[2018-01-31 15:15:53] io_watcher.INFO: Port : 8080 [] []
[2018-01-31 15:15:53] io_watcher.INFO: BasePath :  [] []
[2018-01-31 15:15:53] io_watcher.INFO: Path : /check [] []
[2018-01-31 15:15:53] io_watcher.INFO: Query :  [] []
[2018-01-31 15:15:53] io_watcher.INFO: Fragment :  [] []
[2018-01-31 15:15:53] io_watcher.INFO: Host : localhost [] []
[2018-01-31 15:15:53] io_watcher.INFO: HTTP_USER_AGENT : Mozilla/5.0 (X11; Ubuntu; Linux x86_64; rv:58.0) Gecko/20100101 Firefox/58.0 [] []
[2018-01-31 15:15:53] io_watcher.INFO: HTTP_ACCEPT : text/html,application/xhtml+xml,application/xml;q=0.9,*/*;q=0.8 [] []
[2018-01-31 15:15:53] io_watcher.INFO: HTTP_ACCEPT_LANGUAGE : en-US,en;q=0.5 [] []
[2018-01-31 15:15:53] io_watcher.INFO: HTTP_ACCEPT_ENCODING : gzip, deflate [] []
[2018-01-31 15:15:53] io_watcher.INFO: HTTP_REFERER : http://localhost:8080/hello/mimi [] []
[2018-01-31 15:15:53] io_watcher.INFO: HTTP_COOKIE : _ga=GA1.1.1550138.1515421635 [] []
[2018-01-31 15:15:53] io_watcher.INFO: HTTP_CONNECTION : keep-alive [] []
[2018-01-31 15:15:53] io_watcher.INFO: HTTP_UPGRADE_INSECURE_REQUESTS : 1 [] []
[2018-01-31 15:15:53] io_watcher.INFO: HTTP_CACHE_CONTROL : max-age=0 [] []
[2018-01-31 15:15:53] io_watcher.INFO: --------------MATCH FOUND-------------- [] []
[2018-01-31 15:15:53] io_watcher.INFO: Pattern : /check [] []
[2018-01-31 15:15:53] io_watcher.INFO: Name : checker [] []
[2018-01-31 15:15:53] io_watcher.INFO: Groups : () [] []
[2018-01-31 15:15:53] io_watcher.INFO: Methods : (GET) [] []
[2018-01-31 15:15:53] io_watcher.INFO: Arguments : () [] []
[2018-01-31 15:16:03] io_watcher.INFO: --------------NEW CALL-------------- [] []
[2018-01-31 15:16:03] io_watcher.INFO: Scheme : http [] []
[2018-01-31 15:16:03] io_watcher.INFO: User :  [] []
[2018-01-31 15:16:03] io_watcher.INFO: Host : localhost [] []
[2018-01-31 15:16:03] io_watcher.INFO: Port : 8080 [] []
[2018-01-31 15:16:03] io_watcher.INFO: BasePath :  [] []
[2018-01-31 15:16:03] io_watcher.INFO: Path : /check [] []
[2018-01-31 15:16:03] io_watcher.INFO: Query :  [] []
[2018-01-31 15:16:03] io_watcher.INFO: Fragment :  [] []
[2018-01-31 15:16:03] io_watcher.INFO: Host : localhost [] []
[2018-01-31 15:16:03] io_watcher.INFO: HTTP_USER_AGENT : Mozilla/5.0 (X11; Ubuntu; Linux x86_64; rv:58.0) Gecko/20100101 Firefox/58.0 [] []
[2018-01-31 15:16:03] io_watcher.INFO: HTTP_ACCEPT : text/html,application/xhtml+xml,application/xml;q=0.9,*/*;q=0.8 [] []
[2018-01-31 15:16:03] io_watcher.INFO: HTTP_ACCEPT_LANGUAGE : en-US,en;q=0.5 [] []
[2018-01-31 15:16:03] io_watcher.INFO: HTTP_ACCEPT_ENCODING : gzip, deflate [] []
[2018-01-31 15:16:03] io_watcher.INFO: HTTP_REFERER : http://localhost:8080/hello/mimi [] []
[2018-01-31 15:16:03] io_watcher.INFO: HTTP_COOKIE : _ga=GA1.1.1550138.1515421635 [] []
[2018-01-31 15:16:03] io_watcher.INFO: HTTP_CONNECTION : keep-alive [] []
[2018-01-31 15:16:03] io_watcher.INFO: HTTP_UPGRADE_INSECURE_REQUESTS : 1 [] []
[2018-01-31 15:16:03] io_watcher.INFO: HTTP_CACHE_CONTROL : max-age=0 [] []
[2018-01-31 15:16:03] io_watcher.INFO: --------------MATCH FOUND-------------- [] []
[2018-01-31 15:16:03] io_watcher.INFO: Pattern : /check [] []
[2018-01-31 15:16:03] io_watcher.INFO: Name : checker [] []
[2018-01-31 15:16:03] io_watcher.INFO: Groups : () [] []
[2018-01-31 15:16:03] io_watcher.INFO: Methods : (GET) [] []
[2018-01-31 15:16:03] io_watcher.INFO: Arguments : () [] []
[2018-01-31 15:16:30] io_watcher.INFO: --------------NEW CALL-------------- [] []
[2018-01-31 15:16:30] io_watcher.INFO: Scheme : http [] []
[2018-01-31 15:16:30] io_watcher.INFO: User :  [] []
[2018-01-31 15:16:30] io_watcher.INFO: Host : localhost [] []
[2018-01-31 15:16:30] io_watcher.INFO: Port : 8080 [] []
[2018-01-31 15:16:30] io_watcher.INFO: BasePath :  [] []
[2018-01-31 15:16:30] io_watcher.INFO: Path : /check [] []
[2018-01-31 15:16:30] io_watcher.INFO: Query :  [] []
[2018-01-31 15:16:30] io_watcher.INFO: Fragment :  [] []
[2018-01-31 15:16:30] io_watcher.INFO: Host : localhost [] []
[2018-01-31 15:16:30] io_watcher.INFO: HTTP_USER_AGENT : Mozilla/5.0 (X11; Ubuntu; Linux x86_64; rv:58.0) Gecko/20100101 Firefox/58.0 [] []
[2018-01-31 15:16:30] io_watcher.INFO: HTTP_ACCEPT : text/html,application/xhtml+xml,application/xml;q=0.9,*/*;q=0.8 [] []
[2018-01-31 15:16:30] io_watcher.INFO: HTTP_ACCEPT_LANGUAGE : en-US,en;q=0.5 [] []
[2018-01-31 15:16:30] io_watcher.INFO: HTTP_ACCEPT_ENCODING : gzip, deflate [] []
[2018-01-31 15:16:30] io_watcher.INFO: HTTP_REFERER : http://localhost:8080/hello/mimi [] []
[2018-01-31 15:16:30] io_watcher.INFO: HTTP_COOKIE : _ga=GA1.1.1550138.1515421635 [] []
[2018-01-31 15:16:30] io_watcher.INFO: HTTP_CONNECTION : keep-alive [] []
[2018-01-31 15:16:30] io_watcher.INFO: HTTP_UPGRADE_INSECURE_REQUESTS : 1 [] []
[2018-01-31 15:16:30] io_watcher.INFO: HTTP_CACHE_CONTROL : max-age=0 [] []
[2018-01-31 15:16:30] io_watcher.INFO: --------------MATCH FOUND-------------- [] []
[2018-01-31 15:16:30] io_watcher.INFO: Pattern : /check [] []
[2018-01-31 15:16:30] io_watcher.INFO: Name : checker [] []
[2018-01-31 15:16:30] io_watcher.INFO: Groups : () [] []
[2018-01-31 15:16:30] io_watcher.INFO: Methods : (GET) [] []
[2018-01-31 15:16:30] io_watcher.INFO: Arguments : () [] []
[2018-01-31 15:17:10] io_watcher.INFO: --------------NEW CALL-------------- [] []
[2018-01-31 15:17:10] io_watcher.INFO: Scheme : http [] []
[2018-01-31 15:17:10] io_watcher.INFO: User :  [] []
[2018-01-31 15:17:10] io_watcher.INFO: Host : localhost [] []
[2018-01-31 15:17:10] io_watcher.INFO: Port : 8080 [] []
[2018-01-31 15:17:10] io_watcher.INFO: BasePath :  [] []
[2018-01-31 15:17:10] io_watcher.INFO: Path : /check [] []
[2018-01-31 15:17:10] io_watcher.INFO: Query :  [] []
[2018-01-31 15:17:10] io_watcher.INFO: Fragment :  [] []
[2018-01-31 15:17:10] io_watcher.INFO: Host : localhost [] []
[2018-01-31 15:17:10] io_watcher.INFO: HTTP_USER_AGENT : Mozilla/5.0 (X11; Ubuntu; Linux x86_64; rv:58.0) Gecko/20100101 Firefox/58.0 [] []
[2018-01-31 15:17:10] io_watcher.INFO: HTTP_ACCEPT : text/html,application/xhtml+xml,application/xml;q=0.9,*/*;q=0.8 [] []
[2018-01-31 15:17:10] io_watcher.INFO: HTTP_ACCEPT_LANGUAGE : en-US,en;q=0.5 [] []
[2018-01-31 15:17:10] io_watcher.INFO: HTTP_ACCEPT_ENCODING : gzip, deflate [] []
[2018-01-31 15:17:10] io_watcher.INFO: HTTP_REFERER : http://localhost:8080/hello/mimi [] []
[2018-01-31 15:17:10] io_watcher.INFO: HTTP_COOKIE : _ga=GA1.1.1550138.1515421635 [] []
[2018-01-31 15:17:10] io_watcher.INFO: HTTP_CONNECTION : keep-alive [] []
[2018-01-31 15:17:10] io_watcher.INFO: HTTP_UPGRADE_INSECURE_REQUESTS : 1 [] []
[2018-01-31 15:17:10] io_watcher.INFO: HTTP_CACHE_CONTROL : max-age=0 [] []
[2018-01-31 15:17:10] io_watcher.INFO: --------------MATCH FOUND-------------- [] []
[2018-01-31 15:17:10] io_watcher.INFO: Pattern : /check [] []
[2018-01-31 15:17:10] io_watcher.INFO: Name : checker [] []
[2018-01-31 15:17:10] io_watcher.INFO: Groups : () [] []
[2018-01-31 15:17:10] io_watcher.INFO: Methods : (GET) [] []
[2018-01-31 15:17:10] io_watcher.INFO: Arguments : () [] []
[2018-01-31 15:19:57] io_watcher.INFO: --------------NEW CALL-------------- [] []
[2018-01-31 15:19:57] io_watcher.INFO: Scheme : http [] []
[2018-01-31 15:19:57] io_watcher.INFO: User :  [] []
[2018-01-31 15:19:57] io_watcher.INFO: Host : localhost [] []
[2018-01-31 15:19:57] io_watcher.INFO: Port : 8080 [] []
[2018-01-31 15:19:57] io_watcher.INFO: BasePath :  [] []
[2018-01-31 15:19:57] io_watcher.INFO: Path : /check [] []
[2018-01-31 15:19:57] io_watcher.INFO: Query :  [] []
[2018-01-31 15:19:57] io_watcher.INFO: Fragment :  [] []
[2018-01-31 15:19:57] io_watcher.INFO: Host : localhost [] []
[2018-01-31 15:19:57] io_watcher.INFO: HTTP_USER_AGENT : Mozilla/5.0 (X11; Ubuntu; Linux x86_64; rv:58.0) Gecko/20100101 Firefox/58.0 [] []
[2018-01-31 15:19:57] io_watcher.INFO: HTTP_ACCEPT : text/html,application/xhtml+xml,application/xml;q=0.9,*/*;q=0.8 [] []
[2018-01-31 15:19:57] io_watcher.INFO: HTTP_ACCEPT_LANGUAGE : en-US,en;q=0.5 [] []
[2018-01-31 15:19:57] io_watcher.INFO: HTTP_ACCEPT_ENCODING : gzip, deflate [] []
[2018-01-31 15:19:57] io_watcher.INFO: HTTP_REFERER : http://localhost:8080/hello/mimi [] []
[2018-01-31 15:19:57] io_watcher.INFO: HTTP_COOKIE : _ga=GA1.1.1550138.1515421635 [] []
[2018-01-31 15:19:57] io_watcher.INFO: HTTP_CONNECTION : keep-alive [] []
[2018-01-31 15:19:57] io_watcher.INFO: HTTP_UPGRADE_INSECURE_REQUESTS : 1 [] []
[2018-01-31 15:19:57] io_watcher.INFO: HTTP_CACHE_CONTROL : max-age=0 [] []
[2018-01-31 15:19:57] io_watcher.INFO: --------------MATCH FOUND-------------- [] []
[2018-01-31 15:19:57] io_watcher.INFO: Pattern : /check [] []
[2018-01-31 15:19:57] io_watcher.INFO: Name : checker [] []
[2018-01-31 15:19:57] io_watcher.INFO: Groups : () [] []
[2018-01-31 15:19:57] io_watcher.INFO: Methods : (GET) [] []
[2018-01-31 15:19:57] io_watcher.INFO: Arguments : () [] []
[2018-01-31 15:20:38] io_watcher.INFO: --------------NEW CALL-------------- [] []
[2018-01-31 15:20:38] io_watcher.INFO: Scheme : http [] []
[2018-01-31 15:20:38] io_watcher.INFO: User :  [] []
[2018-01-31 15:20:38] io_watcher.INFO: Host : localhost [] []
[2018-01-31 15:20:38] io_watcher.INFO: Port : 8080 [] []
[2018-01-31 15:20:38] io_watcher.INFO: BasePath :  [] []
[2018-01-31 15:20:38] io_watcher.INFO: Path : / [] []
[2018-01-31 15:20:38] io_watcher.INFO: Query :  [] []
[2018-01-31 15:20:38] io_watcher.INFO: Fragment :  [] []
[2018-01-31 15:20:38] io_watcher.INFO: Host : localhost [] []
[2018-01-31 15:20:38] io_watcher.INFO: HTTP_USER_AGENT : Mozilla/5.0 (X11; Ubuntu; Linux x86_64; rv:58.0) Gecko/20100101 Firefox/58.0 [] []
[2018-01-31 15:20:38] io_watcher.INFO: HTTP_ACCEPT : text/html,application/xhtml+xml,application/xml;q=0.9,*/*;q=0.8 [] []
[2018-01-31 15:20:38] io_watcher.INFO: HTTP_ACCEPT_LANGUAGE : en-US,en;q=0.5 [] []
[2018-01-31 15:20:38] io_watcher.INFO: HTTP_ACCEPT_ENCODING : gzip, deflate [] []
[2018-01-31 15:20:38] io_watcher.INFO: HTTP_COOKIE : _ga=GA1.1.1550138.1515421635 [] []
[2018-01-31 15:20:38] io_watcher.INFO: HTTP_CONNECTION : keep-alive [] []
[2018-01-31 15:20:38] io_watcher.INFO: HTTP_UPGRADE_INSECURE_REQUESTS : 1 [] []
[2018-01-31 15:20:38] io_watcher.INFO: --------------MATCH FOUND-------------- [] []
[2018-01-31 15:20:38] io_watcher.INFO: Pattern : / [] []
[2018-01-31 15:20:38] io_watcher.INFO: Name :  [] []
[2018-01-31 15:20:38] io_watcher.INFO: Groups : () [] []
[2018-01-31 15:20:38] io_watcher.INFO: Methods : (GET) [] []
[2018-01-31 15:20:38] io_watcher.INFO: Arguments : () [] []
[2018-01-31 15:21:24] io_watcher.INFO: --------------NEW CALL-------------- [] []
[2018-01-31 15:21:24] io_watcher.INFO: Scheme : http [] []
[2018-01-31 15:21:24] io_watcher.INFO: User :  [] []
[2018-01-31 15:21:24] io_watcher.INFO: Host : localhost [] []
[2018-01-31 15:21:24] io_watcher.INFO: Port : 8080 [] []
[2018-01-31 15:21:24] io_watcher.INFO: BasePath :  [] []
[2018-01-31 15:21:24] io_watcher.INFO: Path : / [] []
[2018-01-31 15:21:24] io_watcher.INFO: Query :  [] []
[2018-01-31 15:21:24] io_watcher.INFO: Fragment :  [] []
[2018-01-31 15:21:24] io_watcher.INFO: Host : localhost [] []
[2018-01-31 15:21:24] io_watcher.INFO: HTTP_USER_AGENT : Mozilla/5.0 (X11; Ubuntu; Linux x86_64; rv:58.0) Gecko/20100101 Firefox/58.0 [] []
[2018-01-31 15:21:24] io_watcher.INFO: HTTP_ACCEPT : text/html,application/xhtml+xml,application/xml;q=0.9,*/*;q=0.8 [] []
[2018-01-31 15:21:24] io_watcher.INFO: HTTP_ACCEPT_LANGUAGE : en-US,en;q=0.5 [] []
[2018-01-31 15:21:24] io_watcher.INFO: HTTP_ACCEPT_ENCODING : gzip, deflate [] []
[2018-01-31 15:21:24] io_watcher.INFO: HTTP_COOKIE : _ga=GA1.1.1550138.1515421635 [] []
[2018-01-31 15:21:24] io_watcher.INFO: HTTP_CONNECTION : keep-alive [] []
[2018-01-31 15:21:24] io_watcher.INFO: HTTP_UPGRADE_INSECURE_REQUESTS : 1 [] []
[2018-01-31 15:21:24] io_watcher.INFO: HTTP_CACHE_CONTROL : max-age=0 [] []
[2018-01-31 15:21:24] io_watcher.INFO: --------------MATCH FOUND-------------- [] []
[2018-01-31 15:21:24] io_watcher.INFO: Pattern : / [] []
[2018-01-31 15:21:24] io_watcher.INFO: Name :  [] []
[2018-01-31 15:21:24] io_watcher.INFO: Groups : () [] []
[2018-01-31 15:21:24] io_watcher.INFO: Methods : (GET) [] []
[2018-01-31 15:21:24] io_watcher.INFO: Arguments : () [] []
[2018-01-31 15:21:39] io_watcher.INFO: --------------NEW CALL-------------- [] []
[2018-01-31 15:21:39] io_watcher.INFO: Scheme : http [] []
[2018-01-31 15:21:39] io_watcher.INFO: User :  [] []
[2018-01-31 15:21:39] io_watcher.INFO: Host : localhost [] []
[2018-01-31 15:21:39] io_watcher.INFO: Port : 8080 [] []
[2018-01-31 15:21:39] io_watcher.INFO: BasePath :  [] []
[2018-01-31 15:21:39] io_watcher.INFO: Path : /check [] []
[2018-01-31 15:21:39] io_watcher.INFO: Query :  [] []
[2018-01-31 15:21:39] io_watcher.INFO: Fragment :  [] []
[2018-01-31 15:21:39] io_watcher.INFO: Host : localhost [] []
[2018-01-31 15:21:39] io_watcher.INFO: HTTP_USER_AGENT : Mozilla/5.0 (X11; Ubuntu; Linux x86_64; rv:58.0) Gecko/20100101 Firefox/58.0 [] []
[2018-01-31 15:21:39] io_watcher.INFO: HTTP_ACCEPT : text/html,application/xhtml+xml,application/xml;q=0.9,*/*;q=0.8 [] []
[2018-01-31 15:21:39] io_watcher.INFO: HTTP_ACCEPT_LANGUAGE : en-US,en;q=0.5 [] []
[2018-01-31 15:21:39] io_watcher.INFO: HTTP_ACCEPT_ENCODING : gzip, deflate [] []
[2018-01-31 15:21:39] io_watcher.INFO: HTTP_COOKIE : _ga=GA1.1.1550138.1515421635 [] []
[2018-01-31 15:21:39] io_watcher.INFO: HTTP_CONNECTION : keep-alive [] []
[2018-01-31 15:21:39] io_watcher.INFO: HTTP_UPGRADE_INSECURE_REQUESTS : 1 [] []
[2018-01-31 15:21:39] io_watcher.INFO: --------------MATCH FOUND-------------- [] []
[2018-01-31 15:21:39] io_watcher.INFO: Pattern : /check [] []
[2018-01-31 15:21:39] io_watcher.INFO: Name : checker [] []
[2018-01-31 15:21:39] io_watcher.INFO: Groups : () [] []
[2018-01-31 15:21:39] io_watcher.INFO: Methods : (GET) [] []
[2018-01-31 15:21:39] io_watcher.INFO: Arguments : () [] []
[2018-01-31 15:22:02] io_watcher.INFO: --------------NEW CALL-------------- [] []
[2018-01-31 15:22:02] io_watcher.INFO: Scheme : http [] []
[2018-01-31 15:22:02] io_watcher.INFO: User :  [] []
[2018-01-31 15:22:02] io_watcher.INFO: Host : localhost [] []
[2018-01-31 15:22:02] io_watcher.INFO: Port : 8080 [] []
[2018-01-31 15:22:02] io_watcher.INFO: BasePath :  [] []
[2018-01-31 15:22:02] io_watcher.INFO: Path : /check [] []
[2018-01-31 15:22:02] io_watcher.INFO: Query :  [] []
[2018-01-31 15:22:02] io_watcher.INFO: Fragment :  [] []
[2018-01-31 15:22:02] io_watcher.INFO: Host : localhost [] []
[2018-01-31 15:22:02] io_watcher.INFO: HTTP_USER_AGENT : Mozilla/5.0 (X11; Ubuntu; Linux x86_64; rv:58.0) Gecko/20100101 Firefox/58.0 [] []
[2018-01-31 15:22:02] io_watcher.INFO: HTTP_ACCEPT : text/html,application/xhtml+xml,application/xml;q=0.9,*/*;q=0.8 [] []
[2018-01-31 15:22:02] io_watcher.INFO: HTTP_ACCEPT_LANGUAGE : en-US,en;q=0.5 [] []
[2018-01-31 15:22:02] io_watcher.INFO: HTTP_ACCEPT_ENCODING : gzip, deflate [] []
[2018-01-31 15:22:02] io_watcher.INFO: HTTP_COOKIE : _ga=GA1.1.1550138.1515421635 [] []
[2018-01-31 15:22:02] io_watcher.INFO: HTTP_CONNECTION : keep-alive [] []
[2018-01-31 15:22:02] io_watcher.INFO: HTTP_UPGRADE_INSECURE_REQUESTS : 1 [] []
[2018-01-31 15:22:02] io_watcher.INFO: HTTP_CACHE_CONTROL : max-age=0 [] []
[2018-01-31 15:22:02] io_watcher.INFO: --------------MATCH FOUND-------------- [] []
[2018-01-31 15:22:02] io_watcher.INFO: Pattern : /check [] []
[2018-01-31 15:22:02] io_watcher.INFO: Name : checker [] []
[2018-01-31 15:22:02] io_watcher.INFO: Groups : () [] []
[2018-01-31 15:22:02] io_watcher.INFO: Methods : (GET) [] []
[2018-01-31 15:22:02] io_watcher.INFO: Arguments : () [] []
[2018-01-31 15:22:44] io_watcher.INFO: --------------NEW CALL-------------- [] []
[2018-01-31 15:22:44] io_watcher.INFO: Scheme : http [] []
[2018-01-31 15:22:44] io_watcher.INFO: User :  [] []
[2018-01-31 15:22:44] io_watcher.INFO: Host : localhost [] []
[2018-01-31 15:22:44] io_watcher.INFO: Port : 8080 [] []
[2018-01-31 15:22:44] io_watcher.INFO: BasePath :  [] []
[2018-01-31 15:22:44] io_watcher.INFO: Path : /check [] []
[2018-01-31 15:22:44] io_watcher.INFO: Query :  [] []
[2018-01-31 15:22:44] io_watcher.INFO: Fragment :  [] []
[2018-01-31 15:22:44] io_watcher.INFO: Host : localhost [] []
[2018-01-31 15:22:44] io_watcher.INFO: HTTP_USER_AGENT : Mozilla/5.0 (X11; Ubuntu; Linux x86_64; rv:58.0) Gecko/20100101 Firefox/58.0 [] []
[2018-01-31 15:22:44] io_watcher.INFO: HTTP_ACCEPT : text/html,application/xhtml+xml,application/xml;q=0.9,*/*;q=0.8 [] []
[2018-01-31 15:22:44] io_watcher.INFO: HTTP_ACCEPT_LANGUAGE : en-US,en;q=0.5 [] []
[2018-01-31 15:22:44] io_watcher.INFO: HTTP_ACCEPT_ENCODING : gzip, deflate [] []
[2018-01-31 15:22:44] io_watcher.INFO: HTTP_COOKIE : _ga=GA1.1.1550138.1515421635 [] []
[2018-01-31 15:22:44] io_watcher.INFO: HTTP_CONNECTION : keep-alive [] []
[2018-01-31 15:22:44] io_watcher.INFO: HTTP_UPGRADE_INSECURE_REQUESTS : 1 [] []
[2018-01-31 15:22:44] io_watcher.INFO: HTTP_CACHE_CONTROL : max-age=0 [] []
[2018-01-31 15:22:44] io_watcher.INFO: --------------MATCH FOUND-------------- [] []
[2018-01-31 15:22:44] io_watcher.INFO: Pattern : /check [] []
[2018-01-31 15:22:44] io_watcher.INFO: Name : checker [] []
[2018-01-31 15:22:44] io_watcher.INFO: Groups : () [] []
[2018-01-31 15:22:44] io_watcher.INFO: Methods : (GET) [] []
[2018-01-31 15:22:44] io_watcher.INFO: Arguments : () [] []
[2018-01-31 15:22:51] io_watcher.INFO: --------------NEW CALL-------------- [] []
[2018-01-31 15:22:51] io_watcher.INFO: Scheme : http [] []
[2018-01-31 15:22:51] io_watcher.INFO: User :  [] []
[2018-01-31 15:22:51] io_watcher.INFO: Host : localhost [] []
[2018-01-31 15:22:51] io_watcher.INFO: Port : 8080 [] []
[2018-01-31 15:22:51] io_watcher.INFO: BasePath :  [] []
[2018-01-31 15:22:51] io_watcher.INFO: Path : /check [] []
[2018-01-31 15:22:51] io_watcher.INFO: Query :  [] []
[2018-01-31 15:22:51] io_watcher.INFO: Fragment :  [] []
[2018-01-31 15:22:51] io_watcher.INFO: Host : localhost [] []
[2018-01-31 15:22:51] io_watcher.INFO: HTTP_USER_AGENT : Mozilla/5.0 (X11; Ubuntu; Linux x86_64; rv:58.0) Gecko/20100101 Firefox/58.0 [] []
[2018-01-31 15:22:51] io_watcher.INFO: HTTP_ACCEPT : text/html,application/xhtml+xml,application/xml;q=0.9,*/*;q=0.8 [] []
[2018-01-31 15:22:51] io_watcher.INFO: HTTP_ACCEPT_LANGUAGE : en-US,en;q=0.5 [] []
[2018-01-31 15:22:51] io_watcher.INFO: HTTP_ACCEPT_ENCODING : gzip, deflate [] []
[2018-01-31 15:22:51] io_watcher.INFO: HTTP_COOKIE : _ga=GA1.1.1550138.1515421635 [] []
[2018-01-31 15:22:51] io_watcher.INFO: HTTP_CONNECTION : keep-alive [] []
[2018-01-31 15:22:51] io_watcher.INFO: HTTP_UPGRADE_INSECURE_REQUESTS : 1 [] []
[2018-01-31 15:22:51] io_watcher.INFO: HTTP_CACHE_CONTROL : max-age=0 [] []
[2018-01-31 15:22:51] io_watcher.INFO: --------------MATCH FOUND-------------- [] []
[2018-01-31 15:22:51] io_watcher.INFO: Pattern : /check [] []
[2018-01-31 15:22:51] io_watcher.INFO: Name : checker [] []
[2018-01-31 15:22:51] io_watcher.INFO: Groups : () [] []
[2018-01-31 15:22:51] io_watcher.INFO: Methods : (GET) [] []
[2018-01-31 15:22:51] io_watcher.INFO: Arguments : () [] []
[2018-01-31 15:23:44] io_watcher.INFO: --------------NEW CALL-------------- [] []
[2018-01-31 15:23:44] io_watcher.INFO: Scheme : http [] []
[2018-01-31 15:23:44] io_watcher.INFO: User :  [] []
[2018-01-31 15:23:44] io_watcher.INFO: Host : localhost [] []
[2018-01-31 15:23:44] io_watcher.INFO: Port : 8080 [] []
[2018-01-31 15:23:44] io_watcher.INFO: BasePath :  [] []
[2018-01-31 15:23:44] io_watcher.INFO: Path : /check [] []
[2018-01-31 15:23:44] io_watcher.INFO: Query :  [] []
[2018-01-31 15:23:44] io_watcher.INFO: Fragment :  [] []
[2018-01-31 15:23:44] io_watcher.INFO: Host : localhost [] []
[2018-01-31 15:23:44] io_watcher.INFO: HTTP_USER_AGENT : Mozilla/5.0 (X11; Ubuntu; Linux x86_64; rv:58.0) Gecko/20100101 Firefox/58.0 [] []
[2018-01-31 15:23:44] io_watcher.INFO: HTTP_ACCEPT : text/html,application/xhtml+xml,application/xml;q=0.9,*/*;q=0.8 [] []
[2018-01-31 15:23:44] io_watcher.INFO: HTTP_ACCEPT_LANGUAGE : en-US,en;q=0.5 [] []
[2018-01-31 15:23:44] io_watcher.INFO: HTTP_ACCEPT_ENCODING : gzip, deflate [] []
[2018-01-31 15:23:44] io_watcher.INFO: HTTP_COOKIE : _ga=GA1.1.1550138.1515421635 [] []
[2018-01-31 15:23:44] io_watcher.INFO: HTTP_CONNECTION : keep-alive [] []
[2018-01-31 15:23:44] io_watcher.INFO: HTTP_UPGRADE_INSECURE_REQUESTS : 1 [] []
[2018-01-31 15:23:44] io_watcher.INFO: HTTP_CACHE_CONTROL : max-age=0 [] []
[2018-01-31 15:23:44] io_watcher.INFO: --------------MATCH FOUND-------------- [] []
[2018-01-31 15:23:44] io_watcher.INFO: Pattern : /check [] []
[2018-01-31 15:23:44] io_watcher.INFO: Name : checker [] []
[2018-01-31 15:23:44] io_watcher.INFO: Groups : () [] []
[2018-01-31 15:23:44] io_watcher.INFO: Methods : (GET) [] []
[2018-01-31 15:23:44] io_watcher.INFO: Arguments : () [] []
[2018-01-31 15:23:52] io_watcher.INFO: --------------NEW CALL-------------- [] []
[2018-01-31 15:23:52] io_watcher.INFO: Scheme : http [] []
[2018-01-31 15:23:52] io_watcher.INFO: User :  [] []
[2018-01-31 15:23:52] io_watcher.INFO: Host : localhost [] []
[2018-01-31 15:23:52] io_watcher.INFO: Port : 8080 [] []
[2018-01-31 15:23:52] io_watcher.INFO: BasePath :  [] []
[2018-01-31 15:23:52] io_watcher.INFO: Path : /check [] []
[2018-01-31 15:23:52] io_watcher.INFO: Query :  [] []
[2018-01-31 15:23:52] io_watcher.INFO: Fragment :  [] []
[2018-01-31 15:23:52] io_watcher.INFO: Host : localhost [] []
[2018-01-31 15:23:52] io_watcher.INFO: HTTP_USER_AGENT : Mozilla/5.0 (X11; Ubuntu; Linux x86_64; rv:58.0) Gecko/20100101 Firefox/58.0 [] []
[2018-01-31 15:23:52] io_watcher.INFO: HTTP_ACCEPT : text/html,application/xhtml+xml,application/xml;q=0.9,*/*;q=0.8 [] []
[2018-01-31 15:23:52] io_watcher.INFO: HTTP_ACCEPT_LANGUAGE : en-US,en;q=0.5 [] []
[2018-01-31 15:23:52] io_watcher.INFO: HTTP_ACCEPT_ENCODING : gzip, deflate [] []
[2018-01-31 15:23:52] io_watcher.INFO: HTTP_COOKIE : _ga=GA1.1.1550138.1515421635 [] []
[2018-01-31 15:23:52] io_watcher.INFO: HTTP_CONNECTION : keep-alive [] []
[2018-01-31 15:23:52] io_watcher.INFO: HTTP_UPGRADE_INSECURE_REQUESTS : 1 [] []
[2018-01-31 15:23:52] io_watcher.INFO: HTTP_PRAGMA : no-cache [] []
[2018-01-31 15:23:52] io_watcher.INFO: HTTP_CACHE_CONTROL : no-cache [] []
[2018-01-31 15:23:52] io_watcher.INFO: --------------MATCH FOUND-------------- [] []
[2018-01-31 15:23:52] io_watcher.INFO: Pattern : /check [] []
[2018-01-31 15:23:52] io_watcher.INFO: Name : checker [] []
[2018-01-31 15:23:52] io_watcher.INFO: Groups : () [] []
[2018-01-31 15:23:52] io_watcher.INFO: Methods : (GET) [] []
[2018-01-31 15:23:52] io_watcher.INFO: Arguments : () [] []
[2018-01-31 15:24:01] io_watcher.INFO: --------------NEW CALL-------------- [] []
[2018-01-31 15:24:01] io_watcher.INFO: Scheme : http [] []
[2018-01-31 15:24:01] io_watcher.INFO: User :  [] []
[2018-01-31 15:24:01] io_watcher.INFO: Host : localhost [] []
[2018-01-31 15:24:01] io_watcher.INFO: Port : 8080 [] []
[2018-01-31 15:24:01] io_watcher.INFO: BasePath :  [] []
[2018-01-31 15:24:01] io_watcher.INFO: Path : / [] []
[2018-01-31 15:24:01] io_watcher.INFO: Query :  [] []
[2018-01-31 15:24:01] io_watcher.INFO: Fragment :  [] []
[2018-01-31 15:24:01] io_watcher.INFO: Host : localhost [] []
[2018-01-31 15:24:01] io_watcher.INFO: HTTP_USER_AGENT : Mozilla/5.0 (X11; Ubuntu; Linux x86_64; rv:58.0) Gecko/20100101 Firefox/58.0 [] []
[2018-01-31 15:24:01] io_watcher.INFO: HTTP_ACCEPT : text/html,application/xhtml+xml,application/xml;q=0.9,*/*;q=0.8 [] []
[2018-01-31 15:24:01] io_watcher.INFO: HTTP_ACCEPT_LANGUAGE : en-US,en;q=0.5 [] []
[2018-01-31 15:24:01] io_watcher.INFO: HTTP_ACCEPT_ENCODING : gzip, deflate [] []
[2018-01-31 15:24:01] io_watcher.INFO: HTTP_COOKIE : _ga=GA1.1.1550138.1515421635 [] []
[2018-01-31 15:24:01] io_watcher.INFO: HTTP_CONNECTION : keep-alive [] []
[2018-01-31 15:24:01] io_watcher.INFO: HTTP_UPGRADE_INSECURE_REQUESTS : 1 [] []
[2018-01-31 15:24:01] io_watcher.INFO: --------------MATCH FOUND-------------- [] []
[2018-01-31 15:24:01] io_watcher.INFO: Pattern : / [] []
[2018-01-31 15:24:01] io_watcher.INFO: Name :  [] []
[2018-01-31 15:24:01] io_watcher.INFO: Groups : () [] []
[2018-01-31 15:24:01] io_watcher.INFO: Methods : (GET) [] []
[2018-01-31 15:24:01] io_watcher.INFO: Arguments : () [] []
[2018-01-31 15:24:11] io_watcher.INFO: --------------NEW CALL-------------- [] []
[2018-01-31 15:24:11] io_watcher.INFO: Scheme : http [] []
[2018-01-31 15:24:11] io_watcher.INFO: User :  [] []
[2018-01-31 15:24:11] io_watcher.INFO: Host : localhost [] []
[2018-01-31 15:24:11] io_watcher.INFO: Port : 8080 [] []
[2018-01-31 15:24:11] io_watcher.INFO: BasePath :  [] []
[2018-01-31 15:24:11] io_watcher.INFO: Path : / [] []
[2018-01-31 15:24:11] io_watcher.INFO: Query :  [] []
[2018-01-31 15:24:11] io_watcher.INFO: Fragment :  [] []
[2018-01-31 15:24:11] io_watcher.INFO: Host : localhost [] []
[2018-01-31 15:24:11] io_watcher.INFO: HTTP_USER_AGENT : Mozilla/5.0 (X11; Ubuntu; Linux x86_64; rv:58.0) Gecko/20100101 Firefox/58.0 [] []
[2018-01-31 15:24:11] io_watcher.INFO: HTTP_ACCEPT : text/html,application/xhtml+xml,application/xml;q=0.9,*/*;q=0.8 [] []
[2018-01-31 15:24:11] io_watcher.INFO: HTTP_ACCEPT_LANGUAGE : en-US,en;q=0.5 [] []
[2018-01-31 15:24:11] io_watcher.INFO: HTTP_ACCEPT_ENCODING : gzip, deflate [] []
[2018-01-31 15:24:11] io_watcher.INFO: HTTP_COOKIE : _ga=GA1.1.1550138.1515421635 [] []
[2018-01-31 15:24:11] io_watcher.INFO: HTTP_CONNECTION : keep-alive [] []
[2018-01-31 15:24:11] io_watcher.INFO: HTTP_UPGRADE_INSECURE_REQUESTS : 1 [] []
[2018-01-31 15:24:11] io_watcher.INFO: HTTP_PRAGMA : no-cache [] []
[2018-01-31 15:24:11] io_watcher.INFO: HTTP_CACHE_CONTROL : no-cache [] []
[2018-01-31 15:24:11] io_watcher.INFO: --------------MATCH FOUND-------------- [] []
[2018-01-31 15:24:11] io_watcher.INFO: Pattern : / [] []
[2018-01-31 15:24:11] io_watcher.INFO: Name :  [] []
[2018-01-31 15:24:11] io_watcher.INFO: Groups : () [] []
[2018-01-31 15:24:11] io_watcher.INFO: Methods : (GET) [] []
[2018-01-31 15:24:11] io_watcher.INFO: Arguments : () [] []
[2018-01-31 15:24:41] io_watcher.INFO: --------------NEW CALL-------------- [] []
[2018-01-31 15:24:41] io_watcher.INFO: Scheme : http [] []
[2018-01-31 15:24:41] io_watcher.INFO: User :  [] []
[2018-01-31 15:24:41] io_watcher.INFO: Host : localhost [] []
[2018-01-31 15:24:41] io_watcher.INFO: Port : 8080 [] []
[2018-01-31 15:24:41] io_watcher.INFO: BasePath :  [] []
[2018-01-31 15:24:41] io_watcher.INFO: Path : / [] []
[2018-01-31 15:24:41] io_watcher.INFO: Query :  [] []
[2018-01-31 15:24:41] io_watcher.INFO: Fragment :  [] []
[2018-01-31 15:24:41] io_watcher.INFO: Host : localhost [] []
[2018-01-31 15:24:41] io_watcher.INFO: HTTP_USER_AGENT : Mozilla/5.0 (X11; Ubuntu; Linux x86_64; rv:58.0) Gecko/20100101 Firefox/58.0 [] []
[2018-01-31 15:24:41] io_watcher.INFO: HTTP_ACCEPT : text/html,application/xhtml+xml,application/xml;q=0.9,*/*;q=0.8 [] []
[2018-01-31 15:24:41] io_watcher.INFO: HTTP_ACCEPT_LANGUAGE : en-US,en;q=0.5 [] []
[2018-01-31 15:24:41] io_watcher.INFO: HTTP_ACCEPT_ENCODING : gzip, deflate [] []
[2018-01-31 15:24:41] io_watcher.INFO: HTTP_COOKIE : _ga=GA1.1.1550138.1515421635 [] []
[2018-01-31 15:24:41] io_watcher.INFO: HTTP_CONNECTION : keep-alive [] []
[2018-01-31 15:24:41] io_watcher.INFO: HTTP_UPGRADE_INSECURE_REQUESTS : 1 [] []
[2018-01-31 15:24:41] io_watcher.INFO: HTTP_CACHE_CONTROL : max-age=0 [] []
[2018-01-31 15:24:41] io_watcher.INFO: --------------MATCH FOUND-------------- [] []
[2018-01-31 15:24:41] io_watcher.INFO: Pattern : / [] []
[2018-01-31 15:24:41] io_watcher.INFO: Name :  [] []
[2018-01-31 15:24:41] io_watcher.INFO: Groups : () [] []
[2018-01-31 15:24:41] io_watcher.INFO: Methods : (GET) [] []
[2018-01-31 15:24:41] io_watcher.INFO: Arguments : () [] []
[2018-01-31 15:24:54] io_watcher.INFO: --------------NEW CALL-------------- [] []
[2018-01-31 15:24:54] io_watcher.INFO: Scheme : http [] []
[2018-01-31 15:24:54] io_watcher.INFO: User :  [] []
[2018-01-31 15:24:54] io_watcher.INFO: Host : localhost [] []
[2018-01-31 15:24:54] io_watcher.INFO: Port : 8080 [] []
[2018-01-31 15:24:54] io_watcher.INFO: BasePath :  [] []
[2018-01-31 15:24:54] io_watcher.INFO: Path : / [] []
[2018-01-31 15:24:54] io_watcher.INFO: Query :  [] []
[2018-01-31 15:24:54] io_watcher.INFO: Fragment :  [] []
[2018-01-31 15:24:54] io_watcher.INFO: Host : localhost [] []
[2018-01-31 15:24:54] io_watcher.INFO: HTTP_USER_AGENT : Mozilla/5.0 (X11; Ubuntu; Linux x86_64; rv:58.0) Gecko/20100101 Firefox/58.0 [] []
[2018-01-31 15:24:54] io_watcher.INFO: HTTP_ACCEPT : text/html,application/xhtml+xml,application/xml;q=0.9,*/*;q=0.8 [] []
[2018-01-31 15:24:54] io_watcher.INFO: HTTP_ACCEPT_LANGUAGE : en-US,en;q=0.5 [] []
[2018-01-31 15:24:54] io_watcher.INFO: HTTP_ACCEPT_ENCODING : gzip, deflate [] []
[2018-01-31 15:24:54] io_watcher.INFO: HTTP_COOKIE : _ga=GA1.1.1550138.1515421635 [] []
[2018-01-31 15:24:54] io_watcher.INFO: HTTP_CONNECTION : keep-alive [] []
[2018-01-31 15:24:54] io_watcher.INFO: HTTP_UPGRADE_INSECURE_REQUESTS : 1 [] []
[2018-01-31 15:24:54] io_watcher.INFO: HTTP_PRAGMA : no-cache [] []
[2018-01-31 15:24:54] io_watcher.INFO: HTTP_CACHE_CONTROL : no-cache [] []
[2018-01-31 15:24:54] io_watcher.INFO: --------------MATCH FOUND-------------- [] []
[2018-01-31 15:24:54] io_watcher.INFO: Pattern : / [] []
[2018-01-31 15:24:54] io_watcher.INFO: Name :  [] []
[2018-01-31 15:24:54] io_watcher.INFO: Groups : () [] []
[2018-01-31 15:24:54] io_watcher.INFO: Methods : (GET) [] []
[2018-01-31 15:24:54] io_watcher.INFO: Arguments : () [] []
[2018-01-31 15:25:12] io_watcher.INFO: --------------NEW CALL-------------- [] []
[2018-01-31 15:25:12] io_watcher.INFO: Scheme : http [] []
[2018-01-31 15:25:12] io_watcher.INFO: User :  [] []
[2018-01-31 15:25:12] io_watcher.INFO: Host : localhost [] []
[2018-01-31 15:25:12] io_watcher.INFO: Port : 8080 [] []
[2018-01-31 15:25:12] io_watcher.INFO: BasePath :  [] []
[2018-01-31 15:25:12] io_watcher.INFO: Path : / [] []
[2018-01-31 15:25:12] io_watcher.INFO: Query :  [] []
[2018-01-31 15:25:12] io_watcher.INFO: Fragment :  [] []
[2018-01-31 15:25:12] io_watcher.INFO: Host : localhost [] []
[2018-01-31 15:25:12] io_watcher.INFO: HTTP_USER_AGENT : Mozilla/5.0 (X11; Ubuntu; Linux x86_64; rv:58.0) Gecko/20100101 Firefox/58.0 [] []
[2018-01-31 15:25:12] io_watcher.INFO: HTTP_ACCEPT : text/html,application/xhtml+xml,application/xml;q=0.9,*/*;q=0.8 [] []
[2018-01-31 15:25:12] io_watcher.INFO: HTTP_ACCEPT_LANGUAGE : en-US,en;q=0.5 [] []
[2018-01-31 15:25:12] io_watcher.INFO: HTTP_ACCEPT_ENCODING : gzip, deflate [] []
[2018-01-31 15:25:12] io_watcher.INFO: HTTP_COOKIE : _ga=GA1.1.1550138.1515421635 [] []
[2018-01-31 15:25:12] io_watcher.INFO: HTTP_CONNECTION : keep-alive [] []
[2018-01-31 15:25:12] io_watcher.INFO: HTTP_UPGRADE_INSECURE_REQUESTS : 1 [] []
[2018-01-31 15:25:12] io_watcher.INFO: HTTP_CACHE_CONTROL : max-age=0 [] []
[2018-01-31 15:25:12] io_watcher.INFO: --------------MATCH FOUND-------------- [] []
[2018-01-31 15:25:12] io_watcher.INFO: Pattern : / [] []
[2018-01-31 15:25:12] io_watcher.INFO: Name :  [] []
[2018-01-31 15:25:12] io_watcher.INFO: Groups : () [] []
[2018-01-31 15:25:12] io_watcher.INFO: Methods : (GET) [] []
[2018-01-31 15:25:12] io_watcher.INFO: Arguments : () [] []
[2018-01-31 15:25:21] io_watcher.INFO: --------------NEW CALL-------------- [] []
[2018-01-31 15:25:21] io_watcher.INFO: Scheme : http [] []
[2018-01-31 15:25:21] io_watcher.INFO: User :  [] []
[2018-01-31 15:25:21] io_watcher.INFO: Host : localhost [] []
[2018-01-31 15:25:21] io_watcher.INFO: Port : 8080 [] []
[2018-01-31 15:25:21] io_watcher.INFO: BasePath :  [] []
[2018-01-31 15:25:21] io_watcher.INFO: Path : / [] []
[2018-01-31 15:25:21] io_watcher.INFO: Query :  [] []
[2018-01-31 15:25:21] io_watcher.INFO: Fragment :  [] []
[2018-01-31 15:25:21] io_watcher.INFO: Host : localhost [] []
[2018-01-31 15:25:21] io_watcher.INFO: HTTP_USER_AGENT : Mozilla/5.0 (X11; Ubuntu; Linux x86_64; rv:58.0) Gecko/20100101 Firefox/58.0 [] []
[2018-01-31 15:25:21] io_watcher.INFO: HTTP_ACCEPT : text/html,application/xhtml+xml,application/xml;q=0.9,*/*;q=0.8 [] []
[2018-01-31 15:25:21] io_watcher.INFO: HTTP_ACCEPT_LANGUAGE : en-US,en;q=0.5 [] []
[2018-01-31 15:25:21] io_watcher.INFO: HTTP_ACCEPT_ENCODING : gzip, deflate [] []
[2018-01-31 15:25:21] io_watcher.INFO: HTTP_COOKIE : _ga=GA1.1.1550138.1515421635 [] []
[2018-01-31 15:25:21] io_watcher.INFO: HTTP_CONNECTION : keep-alive [] []
[2018-01-31 15:25:21] io_watcher.INFO: HTTP_UPGRADE_INSECURE_REQUESTS : 1 [] []
[2018-01-31 15:25:21] io_watcher.INFO: HTTP_CACHE_CONTROL : max-age=0 [] []
[2018-01-31 15:25:21] io_watcher.INFO: --------------MATCH FOUND-------------- [] []
[2018-01-31 15:25:21] io_watcher.INFO: Pattern : / [] []
[2018-01-31 15:25:21] io_watcher.INFO: Name :  [] []
[2018-01-31 15:25:21] io_watcher.INFO: Groups : () [] []
[2018-01-31 15:25:21] io_watcher.INFO: Methods : (GET) [] []
[2018-01-31 15:25:21] io_watcher.INFO: Arguments : () [] []
[2018-01-31 15:25:48] io_watcher.INFO: --------------NEW CALL-------------- [] []
[2018-01-31 15:25:48] io_watcher.INFO: Scheme : http [] []
[2018-01-31 15:25:48] io_watcher.INFO: User :  [] []
[2018-01-31 15:25:48] io_watcher.INFO: Host : localhost [] []
[2018-01-31 15:25:48] io_watcher.INFO: Port : 8080 [] []
[2018-01-31 15:25:48] io_watcher.INFO: BasePath :  [] []
[2018-01-31 15:25:48] io_watcher.INFO: Path : / [] []
[2018-01-31 15:25:48] io_watcher.INFO: Query :  [] []
[2018-01-31 15:25:48] io_watcher.INFO: Fragment :  [] []
[2018-01-31 15:25:48] io_watcher.INFO: Host : localhost [] []
[2018-01-31 15:25:48] io_watcher.INFO: HTTP_USER_AGENT : Mozilla/5.0 (X11; Ubuntu; Linux x86_64; rv:58.0) Gecko/20100101 Firefox/58.0 [] []
[2018-01-31 15:25:48] io_watcher.INFO: HTTP_ACCEPT : text/html,application/xhtml+xml,application/xml;q=0.9,*/*;q=0.8 [] []
[2018-01-31 15:25:48] io_watcher.INFO: HTTP_ACCEPT_LANGUAGE : en-US,en;q=0.5 [] []
[2018-01-31 15:25:48] io_watcher.INFO: HTTP_ACCEPT_ENCODING : gzip, deflate [] []
[2018-01-31 15:25:48] io_watcher.INFO: HTTP_COOKIE : _ga=GA1.1.1550138.1515421635 [] []
[2018-01-31 15:25:48] io_watcher.INFO: HTTP_CONNECTION : keep-alive [] []
[2018-01-31 15:25:48] io_watcher.INFO: HTTP_UPGRADE_INSECURE_REQUESTS : 1 [] []
[2018-01-31 15:25:48] io_watcher.INFO: HTTP_CACHE_CONTROL : max-age=0 [] []
[2018-01-31 15:25:48] io_watcher.INFO: --------------MATCH FOUND-------------- [] []
[2018-01-31 15:25:48] io_watcher.INFO: Pattern : / [] []
[2018-01-31 15:25:48] io_watcher.INFO: Name :  [] []
[2018-01-31 15:25:48] io_watcher.INFO: Groups : () [] []
[2018-01-31 15:25:48] io_watcher.INFO: Methods : (GET) [] []
[2018-01-31 15:25:48] io_watcher.INFO: Arguments : () [] []
[2018-01-31 15:26:26] io_watcher.INFO: --------------NEW CALL-------------- [] []
[2018-01-31 15:26:26] io_watcher.INFO: Scheme : http [] []
[2018-01-31 15:26:26] io_watcher.INFO: User :  [] []
[2018-01-31 15:26:26] io_watcher.INFO: Host : localhost [] []
[2018-01-31 15:26:26] io_watcher.INFO: Port : 8080 [] []
[2018-01-31 15:26:26] io_watcher.INFO: BasePath :  [] []
[2018-01-31 15:26:26] io_watcher.INFO: Path : / [] []
[2018-01-31 15:26:26] io_watcher.INFO: Query :  [] []
[2018-01-31 15:26:26] io_watcher.INFO: Fragment :  [] []
[2018-01-31 15:26:26] io_watcher.INFO: Host : localhost [] []
[2018-01-31 15:26:26] io_watcher.INFO: HTTP_USER_AGENT : Mozilla/5.0 (X11; Ubuntu; Linux x86_64; rv:58.0) Gecko/20100101 Firefox/58.0 [] []
[2018-01-31 15:26:26] io_watcher.INFO: HTTP_ACCEPT : text/html,application/xhtml+xml,application/xml;q=0.9,*/*;q=0.8 [] []
[2018-01-31 15:26:26] io_watcher.INFO: HTTP_ACCEPT_LANGUAGE : en-US,en;q=0.5 [] []
[2018-01-31 15:26:26] io_watcher.INFO: HTTP_ACCEPT_ENCODING : gzip, deflate [] []
[2018-01-31 15:26:26] io_watcher.INFO: HTTP_COOKIE : _ga=GA1.1.1550138.1515421635 [] []
[2018-01-31 15:26:26] io_watcher.INFO: HTTP_CONNECTION : keep-alive [] []
[2018-01-31 15:26:26] io_watcher.INFO: HTTP_UPGRADE_INSECURE_REQUESTS : 1 [] []
[2018-01-31 15:26:26] io_watcher.INFO: HTTP_CACHE_CONTROL : max-age=0 [] []
[2018-01-31 15:26:26] io_watcher.INFO: --------------MATCH FOUND-------------- [] []
[2018-01-31 15:26:26] io_watcher.INFO: Pattern : / [] []
[2018-01-31 15:26:26] io_watcher.INFO: Name :  [] []
[2018-01-31 15:26:26] io_watcher.INFO: Groups : () [] []
[2018-01-31 15:26:26] io_watcher.INFO: Methods : (GET) [] []
[2018-01-31 15:26:26] io_watcher.INFO: Arguments : () [] []
[2018-01-31 15:27:32] io_watcher.INFO: --------------NEW CALL-------------- [] []
[2018-01-31 15:27:32] io_watcher.INFO: Scheme : http [] []
[2018-01-31 15:27:32] io_watcher.INFO: User :  [] []
[2018-01-31 15:27:32] io_watcher.INFO: Host : localhost [] []
[2018-01-31 15:27:32] io_watcher.INFO: Port : 8080 [] []
[2018-01-31 15:27:32] io_watcher.INFO: BasePath :  [] []
[2018-01-31 15:27:32] io_watcher.INFO: Path : / [] []
[2018-01-31 15:27:32] io_watcher.INFO: Query :  [] []
[2018-01-31 15:27:32] io_watcher.INFO: Fragment :  [] []
[2018-01-31 15:27:32] io_watcher.INFO: Host : localhost [] []
[2018-01-31 15:27:32] io_watcher.INFO: HTTP_USER_AGENT : Mozilla/5.0 (X11; Ubuntu; Linux x86_64; rv:58.0) Gecko/20100101 Firefox/58.0 [] []
[2018-01-31 15:27:32] io_watcher.INFO: HTTP_ACCEPT : text/html,application/xhtml+xml,application/xml;q=0.9,*/*;q=0.8 [] []
[2018-01-31 15:27:32] io_watcher.INFO: HTTP_ACCEPT_LANGUAGE : en-US,en;q=0.5 [] []
[2018-01-31 15:27:32] io_watcher.INFO: HTTP_ACCEPT_ENCODING : gzip, deflate [] []
[2018-01-31 15:27:32] io_watcher.INFO: HTTP_COOKIE : _ga=GA1.1.1550138.1515421635 [] []
[2018-01-31 15:27:32] io_watcher.INFO: HTTP_CONNECTION : keep-alive [] []
[2018-01-31 15:27:32] io_watcher.INFO: HTTP_UPGRADE_INSECURE_REQUESTS : 1 [] []
[2018-01-31 15:27:32] io_watcher.INFO: HTTP_CACHE_CONTROL : max-age=0 [] []
[2018-01-31 15:27:32] io_watcher.INFO: --------------MATCH FOUND-------------- [] []
[2018-01-31 15:27:32] io_watcher.INFO: Pattern : / [] []
[2018-01-31 15:27:32] io_watcher.INFO: Name :  [] []
[2018-01-31 15:27:32] io_watcher.INFO: Groups : () [] []
[2018-01-31 15:27:32] io_watcher.INFO: Methods : (GET) [] []
[2018-01-31 15:27:32] io_watcher.INFO: Arguments : () [] []
[2018-01-31 15:27:59] io_watcher.INFO: --------------NEW CALL-------------- [] []
[2018-01-31 15:27:59] io_watcher.INFO: Scheme : http [] []
[2018-01-31 15:27:59] io_watcher.INFO: User :  [] []
[2018-01-31 15:27:59] io_watcher.INFO: Host : localhost [] []
[2018-01-31 15:27:59] io_watcher.INFO: Port : 8080 [] []
[2018-01-31 15:27:59] io_watcher.INFO: BasePath :  [] []
[2018-01-31 15:27:59] io_watcher.INFO: Path : / [] []
[2018-01-31 15:27:59] io_watcher.INFO: Query :  [] []
[2018-01-31 15:27:59] io_watcher.INFO: Fragment :  [] []
[2018-01-31 15:27:59] io_watcher.INFO: Host : localhost [] []
[2018-01-31 15:27:59] io_watcher.INFO: HTTP_USER_AGENT : Mozilla/5.0 (X11; Ubuntu; Linux x86_64; rv:58.0) Gecko/20100101 Firefox/58.0 [] []
[2018-01-31 15:27:59] io_watcher.INFO: HTTP_ACCEPT : text/html,application/xhtml+xml,application/xml;q=0.9,*/*;q=0.8 [] []
[2018-01-31 15:27:59] io_watcher.INFO: HTTP_ACCEPT_LANGUAGE : en-US,en;q=0.5 [] []
[2018-01-31 15:27:59] io_watcher.INFO: HTTP_ACCEPT_ENCODING : gzip, deflate [] []
[2018-01-31 15:27:59] io_watcher.INFO: HTTP_COOKIE : _ga=GA1.1.1550138.1515421635 [] []
[2018-01-31 15:27:59] io_watcher.INFO: HTTP_CONNECTION : keep-alive [] []
[2018-01-31 15:27:59] io_watcher.INFO: HTTP_UPGRADE_INSECURE_REQUESTS : 1 [] []
[2018-01-31 15:27:59] io_watcher.INFO: HTTP_CACHE_CONTROL : max-age=0 [] []
[2018-01-31 15:27:59] io_watcher.INFO: --------------MATCH FOUND-------------- [] []
[2018-01-31 15:27:59] io_watcher.INFO: Pattern : / [] []
[2018-01-31 15:27:59] io_watcher.INFO: Name :  [] []
[2018-01-31 15:27:59] io_watcher.INFO: Groups : () [] []
[2018-01-31 15:27:59] io_watcher.INFO: Methods : (GET) [] []
[2018-01-31 15:27:59] io_watcher.INFO: Arguments : () [] []
[2018-01-31 15:29:02] io_watcher.INFO: --------------NEW CALL-------------- [] []
[2018-01-31 15:29:02] io_watcher.INFO: Scheme : http [] []
[2018-01-31 15:29:02] io_watcher.INFO: User :  [] []
[2018-01-31 15:29:02] io_watcher.INFO: Host : localhost [] []
[2018-01-31 15:29:02] io_watcher.INFO: Port : 8080 [] []
[2018-01-31 15:29:02] io_watcher.INFO: BasePath :  [] []
[2018-01-31 15:29:02] io_watcher.INFO: Path : / [] []
[2018-01-31 15:29:02] io_watcher.INFO: Query :  [] []
[2018-01-31 15:29:02] io_watcher.INFO: Fragment :  [] []
[2018-01-31 15:29:02] io_watcher.INFO: Host : localhost [] []
[2018-01-31 15:29:02] io_watcher.INFO: HTTP_USER_AGENT : Mozilla/5.0 (X11; Ubuntu; Linux x86_64; rv:58.0) Gecko/20100101 Firefox/58.0 [] []
[2018-01-31 15:29:02] io_watcher.INFO: HTTP_ACCEPT : text/html,application/xhtml+xml,application/xml;q=0.9,*/*;q=0.8 [] []
[2018-01-31 15:29:02] io_watcher.INFO: HTTP_ACCEPT_LANGUAGE : en-US,en;q=0.5 [] []
[2018-01-31 15:29:02] io_watcher.INFO: HTTP_ACCEPT_ENCODING : gzip, deflate [] []
[2018-01-31 15:29:02] io_watcher.INFO: HTTP_COOKIE : _ga=GA1.1.1550138.1515421635 [] []
[2018-01-31 15:29:02] io_watcher.INFO: HTTP_CONNECTION : keep-alive [] []
[2018-01-31 15:29:02] io_watcher.INFO: HTTP_UPGRADE_INSECURE_REQUESTS : 1 [] []
[2018-01-31 15:29:02] io_watcher.INFO: HTTP_CACHE_CONTROL : max-age=0 [] []
[2018-01-31 15:29:02] io_watcher.INFO: --------------MATCH FOUND-------------- [] []
[2018-01-31 15:29:02] io_watcher.INFO: Pattern : / [] []
[2018-01-31 15:29:02] io_watcher.INFO: Name :  [] []
[2018-01-31 15:29:02] io_watcher.INFO: Groups : () [] []
[2018-01-31 15:29:02] io_watcher.INFO: Methods : (GET) [] []
[2018-01-31 15:29:02] io_watcher.INFO: Arguments : () [] []
[2018-01-31 15:31:37] io_watcher.INFO: --------------NEW CALL-------------- [] []
[2018-01-31 15:31:37] io_watcher.INFO: Scheme : http [] []
[2018-01-31 15:31:37] io_watcher.INFO: User :  [] []
[2018-01-31 15:31:37] io_watcher.INFO: Host : localhost [] []
[2018-01-31 15:31:37] io_watcher.INFO: Port : 8080 [] []
[2018-01-31 15:31:37] io_watcher.INFO: BasePath :  [] []
[2018-01-31 15:31:37] io_watcher.INFO: Path : / [] []
[2018-01-31 15:31:37] io_watcher.INFO: Query :  [] []
[2018-01-31 15:31:37] io_watcher.INFO: Fragment :  [] []
[2018-01-31 15:31:37] io_watcher.INFO: Host : localhost [] []
[2018-01-31 15:31:37] io_watcher.INFO: HTTP_USER_AGENT : Mozilla/5.0 (X11; Ubuntu; Linux x86_64; rv:58.0) Gecko/20100101 Firefox/58.0 [] []
[2018-01-31 15:31:37] io_watcher.INFO: HTTP_ACCEPT : text/html,application/xhtml+xml,application/xml;q=0.9,*/*;q=0.8 [] []
[2018-01-31 15:31:37] io_watcher.INFO: HTTP_ACCEPT_LANGUAGE : en-US,en;q=0.5 [] []
[2018-01-31 15:31:37] io_watcher.INFO: HTTP_ACCEPT_ENCODING : gzip, deflate [] []
[2018-01-31 15:31:37] io_watcher.INFO: HTTP_COOKIE : _ga=GA1.1.1550138.1515421635 [] []
[2018-01-31 15:31:37] io_watcher.INFO: HTTP_CONNECTION : keep-alive [] []
[2018-01-31 15:31:37] io_watcher.INFO: HTTP_UPGRADE_INSECURE_REQUESTS : 1 [] []
[2018-01-31 15:31:37] io_watcher.INFO: HTTP_CACHE_CONTROL : max-age=0 [] []
[2018-01-31 15:31:37] io_watcher.INFO: --------------MATCH FOUND-------------- [] []
[2018-01-31 15:31:37] io_watcher.INFO: Pattern : / [] []
[2018-01-31 15:31:37] io_watcher.INFO: Name :  [] []
[2018-01-31 15:31:37] io_watcher.INFO: Groups : () [] []
[2018-01-31 15:31:37] io_watcher.INFO: Methods : (GET) [] []
[2018-01-31 15:31:37] io_watcher.INFO: Arguments : () [] []
[2018-01-31 15:35:18] io_watcher.INFO: --------------NEW CALL-------------- [] []
[2018-01-31 15:35:18] io_watcher.INFO: Scheme : http [] []
[2018-01-31 15:35:18] io_watcher.INFO: User :  [] []
[2018-01-31 15:35:18] io_watcher.INFO: Host : localhost [] []
[2018-01-31 15:35:18] io_watcher.INFO: Port : 8080 [] []
[2018-01-31 15:35:18] io_watcher.INFO: BasePath :  [] []
[2018-01-31 15:35:18] io_watcher.INFO: Path : / [] []
[2018-01-31 15:35:18] io_watcher.INFO: Query :  [] []
[2018-01-31 15:35:18] io_watcher.INFO: Fragment :  [] []
[2018-01-31 15:35:18] io_watcher.INFO: Host : localhost [] []
[2018-01-31 15:35:18] io_watcher.INFO: HTTP_USER_AGENT : Mozilla/5.0 (X11; Ubuntu; Linux x86_64; rv:58.0) Gecko/20100101 Firefox/58.0 [] []
[2018-01-31 15:35:18] io_watcher.INFO: HTTP_ACCEPT : text/html,application/xhtml+xml,application/xml;q=0.9,*/*;q=0.8 [] []
[2018-01-31 15:35:18] io_watcher.INFO: HTTP_ACCEPT_LANGUAGE : en-US,en;q=0.5 [] []
[2018-01-31 15:35:18] io_watcher.INFO: HTTP_ACCEPT_ENCODING : gzip, deflate [] []
[2018-01-31 15:35:18] io_watcher.INFO: HTTP_COOKIE : _ga=GA1.1.1550138.1515421635 [] []
[2018-01-31 15:35:18] io_watcher.INFO: HTTP_CONNECTION : keep-alive [] []
[2018-01-31 15:35:18] io_watcher.INFO: HTTP_UPGRADE_INSECURE_REQUESTS : 1 [] []
[2018-01-31 15:35:18] io_watcher.INFO: HTTP_CACHE_CONTROL : max-age=0 [] []
[2018-01-31 15:35:18] io_watcher.INFO: --------------MATCH FOUND-------------- [] []
[2018-01-31 15:35:18] io_watcher.INFO: Pattern : / [] []
[2018-01-31 15:35:18] io_watcher.INFO: Name :  [] []
[2018-01-31 15:35:18] io_watcher.INFO: Groups : () [] []
[2018-01-31 15:35:18] io_watcher.INFO: Methods : (GET) [] []
[2018-01-31 15:35:18] io_watcher.INFO: Arguments : () [] []
[2018-01-31 15:35:49] io_watcher.INFO: --------------NEW CALL-------------- [] []
[2018-01-31 15:35:49] io_watcher.INFO: Scheme : http [] []
[2018-01-31 15:35:49] io_watcher.INFO: User :  [] []
[2018-01-31 15:35:49] io_watcher.INFO: Host : localhost [] []
[2018-01-31 15:35:49] io_watcher.INFO: Port : 8080 [] []
[2018-01-31 15:35:49] io_watcher.INFO: BasePath :  [] []
[2018-01-31 15:35:49] io_watcher.INFO: Path : / [] []
[2018-01-31 15:35:49] io_watcher.INFO: Query :  [] []
[2018-01-31 15:35:49] io_watcher.INFO: Fragment :  [] []
[2018-01-31 15:35:49] io_watcher.INFO: Host : localhost [] []
[2018-01-31 15:35:49] io_watcher.INFO: HTTP_USER_AGENT : Mozilla/5.0 (X11; Ubuntu; Linux x86_64; rv:58.0) Gecko/20100101 Firefox/58.0 [] []
[2018-01-31 15:35:49] io_watcher.INFO: HTTP_ACCEPT : text/html,application/xhtml+xml,application/xml;q=0.9,*/*;q=0.8 [] []
[2018-01-31 15:35:49] io_watcher.INFO: HTTP_ACCEPT_LANGUAGE : en-US,en;q=0.5 [] []
[2018-01-31 15:35:49] io_watcher.INFO: HTTP_ACCEPT_ENCODING : gzip, deflate [] []
[2018-01-31 15:35:49] io_watcher.INFO: HTTP_COOKIE : _ga=GA1.1.1550138.1515421635 [] []
[2018-01-31 15:35:49] io_watcher.INFO: HTTP_CONNECTION : keep-alive [] []
[2018-01-31 15:35:49] io_watcher.INFO: HTTP_UPGRADE_INSECURE_REQUESTS : 1 [] []
[2018-01-31 15:35:49] io_watcher.INFO: HTTP_CACHE_CONTROL : max-age=0 [] []
[2018-01-31 15:35:49] io_watcher.INFO: --------------MATCH FOUND-------------- [] []
[2018-01-31 15:35:49] io_watcher.INFO: Pattern : / [] []
[2018-01-31 15:35:49] io_watcher.INFO: Name :  [] []
[2018-01-31 15:35:49] io_watcher.INFO: Groups : () [] []
[2018-01-31 15:35:49] io_watcher.INFO: Methods : (GET) [] []
[2018-01-31 15:35:49] io_watcher.INFO: Arguments : () [] []
[2018-01-31 15:37:30] io_watcher.INFO: --------------NEW CALL-------------- [] []
[2018-01-31 15:37:30] io_watcher.INFO: Scheme : http [] []
[2018-01-31 15:37:30] io_watcher.INFO: User :  [] []
[2018-01-31 15:37:30] io_watcher.INFO: Host : localhost [] []
[2018-01-31 15:37:30] io_watcher.INFO: Port : 8080 [] []
[2018-01-31 15:37:30] io_watcher.INFO: BasePath :  [] []
[2018-01-31 15:37:30] io_watcher.INFO: Path : / [] []
[2018-01-31 15:37:30] io_watcher.INFO: Query :  [] []
[2018-01-31 15:37:30] io_watcher.INFO: Fragment :  [] []
[2018-01-31 15:37:30] io_watcher.INFO: Host : localhost [] []
[2018-01-31 15:37:30] io_watcher.INFO: HTTP_USER_AGENT : Mozilla/5.0 (X11; Ubuntu; Linux x86_64; rv:58.0) Gecko/20100101 Firefox/58.0 [] []
[2018-01-31 15:37:30] io_watcher.INFO: HTTP_ACCEPT : text/html,application/xhtml+xml,application/xml;q=0.9,*/*;q=0.8 [] []
[2018-01-31 15:37:30] io_watcher.INFO: HTTP_ACCEPT_LANGUAGE : en-US,en;q=0.5 [] []
[2018-01-31 15:37:30] io_watcher.INFO: HTTP_ACCEPT_ENCODING : gzip, deflate [] []
[2018-01-31 15:37:30] io_watcher.INFO: HTTP_COOKIE : _ga=GA1.1.1550138.1515421635 [] []
[2018-01-31 15:37:30] io_watcher.INFO: HTTP_CONNECTION : keep-alive [] []
[2018-01-31 15:37:30] io_watcher.INFO: HTTP_UPGRADE_INSECURE_REQUESTS : 1 [] []
[2018-01-31 15:37:30] io_watcher.INFO: HTTP_CACHE_CONTROL : max-age=0 [] []
[2018-01-31 15:37:30] io_watcher.INFO: --------------MATCH FOUND-------------- [] []
[2018-01-31 15:37:30] io_watcher.INFO: Pattern : / [] []
[2018-01-31 15:37:30] io_watcher.INFO: Name :  [] []
[2018-01-31 15:37:30] io_watcher.INFO: Groups : () [] []
[2018-01-31 15:37:30] io_watcher.INFO: Methods : (GET) [] []
[2018-01-31 15:37:30] io_watcher.INFO: Arguments : () [] []
[2018-01-31 15:39:12] io_watcher.INFO: --------------NEW CALL-------------- [] []
[2018-01-31 15:39:12] io_watcher.INFO: Scheme : http [] []
[2018-01-31 15:39:12] io_watcher.INFO: User :  [] []
[2018-01-31 15:39:12] io_watcher.INFO: Host : localhost [] []
[2018-01-31 15:39:12] io_watcher.INFO: Port : 8080 [] []
[2018-01-31 15:39:12] io_watcher.INFO: BasePath :  [] []
[2018-01-31 15:39:12] io_watcher.INFO: Path : / [] []
[2018-01-31 15:39:12] io_watcher.INFO: Query :  [] []
[2018-01-31 15:39:12] io_watcher.INFO: Fragment :  [] []
[2018-01-31 15:39:12] io_watcher.INFO: Host : localhost [] []
[2018-01-31 15:39:12] io_watcher.INFO: HTTP_USER_AGENT : Mozilla/5.0 (X11; Ubuntu; Linux x86_64; rv:58.0) Gecko/20100101 Firefox/58.0 [] []
[2018-01-31 15:39:12] io_watcher.INFO: HTTP_ACCEPT : text/html,application/xhtml+xml,application/xml;q=0.9,*/*;q=0.8 [] []
[2018-01-31 15:39:12] io_watcher.INFO: HTTP_ACCEPT_LANGUAGE : en-US,en;q=0.5 [] []
[2018-01-31 15:39:12] io_watcher.INFO: HTTP_ACCEPT_ENCODING : gzip, deflate [] []
[2018-01-31 15:39:12] io_watcher.INFO: HTTP_COOKIE : _ga=GA1.1.1550138.1515421635 [] []
[2018-01-31 15:39:12] io_watcher.INFO: HTTP_CONNECTION : keep-alive [] []
[2018-01-31 15:39:12] io_watcher.INFO: HTTP_UPGRADE_INSECURE_REQUESTS : 1 [] []
[2018-01-31 15:39:12] io_watcher.INFO: HTTP_CACHE_CONTROL : max-age=0 [] []
[2018-01-31 15:39:12] io_watcher.INFO: --------------MATCH FOUND-------------- [] []
[2018-01-31 15:39:12] io_watcher.INFO: Pattern : / [] []
[2018-01-31 15:39:12] io_watcher.INFO: Name :  [] []
[2018-01-31 15:39:12] io_watcher.INFO: Groups : () [] []
[2018-01-31 15:39:12] io_watcher.INFO: Methods : (GET) [] []
[2018-01-31 15:39:12] io_watcher.INFO: Arguments : () [] []
